{"C:\\Users\\luiz.silva\\OneDrive\\Área de Trabalho\\tickets\\scp\\bff-chamados\\src\\app.js": {"path":"C:\\Users\\luiz.silva\\OneDrive\\Área de Trabalho\\tickets\\scp\\bff-chamados\\src\\app.js","statementMap":{"0":{"start":{"line":1,"column":16},"end":{"line":1,"column":34}},"1":{"start":{"line":2,"column":13},"end":{"line":2,"column":28}},"2":{"start":{"line":3,"column":13},"end":{"line":3,"column":28}},"3":{"start":{"line":4,"column":18},"end":{"line":4,"column":47}},"4":{"start":{"line":5,"column":20},"end":{"line":5,"column":47}},"5":{"start":{"line":6,"column":15},"end":{"line":6,"column":34}},"6":{"start":{"line":7,"column":23},"end":{"line":7,"column":62}},"7":{"start":{"line":9,"column":12},"end":{"line":9,"column":21}},"8":{"start":{"line":11,"column":23},"end":{"line":13,"column":6}},"9":{"start":{"line":12,"column":53},"end":{"line":12,"column":66}},"10":{"start":{"line":15,"column":0},"end":{"line":26,"column":4}},"11":{"start":{"line":17,"column":4},"end":{"line":17,"column":45}},"12":{"start":{"line":17,"column":17},"end":{"line":17,"column":45}},"13":{"start":{"line":18,"column":4},"end":{"line":22,"column":5}},"14":{"start":{"line":19,"column":6},"end":{"line":19,"column":27}},"15":{"start":{"line":21,"column":6},"end":{"line":21,"column":85}},"16":{"start":{"line":28,"column":0},"end":{"line":28,"column":42}},"17":{"start":{"line":29,"column":0},"end":{"line":29,"column":64}},"18":{"start":{"line":31,"column":0},"end":{"line":31,"column":68}},"19":{"start":{"line":32,"column":0},"end":{"line":36,"column":4}},"20":{"start":{"line":38,"column":0},"end":{"line":38,"column":21}},"21":{"start":{"line":40,"column":0},"end":{"line":40,"column":21}}},"fnMap":{"0":{"name":"(anonymous_0)","decl":{"start":{"line":12,"column":43},"end":{"line":12,"column":44}},"loc":{"start":{"line":12,"column":53},"end":{"line":12,"column":66}},"line":12},"1":{"name":"(anonymous_1)","decl":{"start":{"line":16,"column":10},"end":{"line":16,"column":11}},"loc":{"start":{"line":16,"column":32},"end":{"line":23,"column":3}},"line":16}},"branchMap":{"0":{"loc":{"start":{"line":11,"column":23},"end":{"line":13,"column":6}},"type":"cond-expr","locations":[{"start":{"line":12,"column":4},"end":{"line":12,"column":67}},{"start":{"line":13,"column":4},"end":{"line":13,"column":6}}],"line":11},"1":{"loc":{"start":{"line":17,"column":4},"end":{"line":17,"column":45}},"type":"if","locations":[{"start":{"line":17,"column":4},"end":{"line":17,"column":45}},{"start":{},"end":{}}],"line":17},"2":{"loc":{"start":{"line":18,"column":4},"end":{"line":22,"column":5}},"type":"if","locations":[{"start":{"line":18,"column":4},"end":{"line":22,"column":5}},{"start":{"line":20,"column":11},"end":{"line":22,"column":5}}],"line":18}},"s":{"0":4,"1":4,"2":4,"3":4,"4":4,"5":4,"6":4,"7":4,"8":4,"9":0,"10":4,"11":44,"12":44,"13":0,"14":0,"15":0,"16":4,"17":4,"18":4,"19":4,"20":4,"21":4},"f":{"0":0,"1":44},"b":{"0":[0,4],"1":[44,0],"2":[0,0]},"_coverageSchema":"1a1c01bbd47fc00a2c39e90264f33305004495a9","hash":"fe89c53dc09b2cbc5d8a0682bd53c2aa0ae8f5df"}
,"C:\\Users\\luiz.silva\\OneDrive\\Área de Trabalho\\tickets\\scp\\bff-chamados\\src\\controllers\\auditoriaController.js": {"path":"C:\\Users\\luiz.silva\\OneDrive\\Área de Trabalho\\tickets\\scp\\bff-chamados\\src\\controllers\\auditoriaController.js","statementMap":{"0":{"start":{"line":1,"column":25},"end":{"line":1,"column":64}},"1":{"start":{"line":5,"column":4},"end":{"line":11,"column":5}},"2":{"start":{"line":6,"column":51},"end":{"line":6,"column":60}},"3":{"start":{"line":7,"column":24},"end":{"line":7,"column":93}},"4":{"start":{"line":8,"column":6},"end":{"line":8,"column":33}},"5":{"start":{"line":10,"column":6},"end":{"line":10,"column":82}},"6":{"start":{"line":15,"column":0},"end":{"line":15,"column":43}}},"fnMap":{"0":{"name":"(anonymous_0)","decl":{"start":{"line":4,"column":2},"end":{"line":4,"column":3}},"loc":{"start":{"line":4,"column":25},"end":{"line":12,"column":3}},"line":4}},"branchMap":{"0":{"loc":{"start":{"line":6,"column":14},"end":{"line":6,"column":22}},"type":"default-arg","locations":[{"start":{"line":6,"column":21},"end":{"line":6,"column":22}}],"line":6},"1":{"loc":{"start":{"line":6,"column":24},"end":{"line":6,"column":34}},"type":"default-arg","locations":[{"start":{"line":6,"column":32},"end":{"line":6,"column":34}}],"line":6},"2":{"loc":{"start":{"line":6,"column":36},"end":{"line":6,"column":46}},"type":"default-arg","locations":[{"start":{"line":6,"column":44},"end":{"line":6,"column":46}}],"line":6}},"s":{"0":5,"1":3,"2":3,"3":3,"4":2,"5":1,"6":5},"f":{"0":3},"b":{"0":[2],"1":[2],"2":[2]},"_coverageSchema":"1a1c01bbd47fc00a2c39e90264f33305004495a9","hash":"c7e4284ea04983d701d1f83da5f63fa6bec03be7"}
,"C:\\Users\\luiz.silva\\OneDrive\\Área de Trabalho\\tickets\\scp\\bff-chamados\\src\\controllers\\authController.js": {"path":"C:\\Users\\luiz.silva\\OneDrive\\Área de Trabalho\\tickets\\scp\\bff-chamados\\src\\controllers\\authController.js","statementMap":{"0":{"start":{"line":1,"column":20},"end":{"line":1,"column":54}},"1":{"start":{"line":2,"column":26},"end":{"line":2,"column":70}},"2":{"start":{"line":6,"column":4},"end":{"line":12,"column":5}},"3":{"start":{"line":7,"column":31},"end":{"line":7,"column":39}},"4":{"start":{"line":8,"column":24},"end":{"line":8,"column":61}},"5":{"start":{"line":9,"column":6},"end":{"line":9,"column":33}},"6":{"start":{"line":11,"column":6},"end":{"line":11,"column":80}},"7":{"start":{"line":16,"column":4},"end":{"line":30,"column":5}},"8":{"start":{"line":17,"column":24},"end":{"line":17,"column":72}},"9":{"start":{"line":19,"column":6},"end":{"line":21,"column":7}},"10":{"start":{"line":20,"column":8},"end":{"line":20,"column":94}},"11":{"start":{"line":23,"column":22},"end":{"line":23,"column":68}},"12":{"start":{"line":24,"column":6},"end":{"line":26,"column":7}},"13":{"start":{"line":25,"column":8},"end":{"line":25,"column":86}},"14":{"start":{"line":27,"column":6},"end":{"line":27,"column":31}},"15":{"start":{"line":29,"column":6},"end":{"line":29,"column":81}},"16":{"start":{"line":34,"column":4},"end":{"line":39,"column":5}},"17":{"start":{"line":35,"column":21},"end":{"line":35,"column":63}},"18":{"start":{"line":36,"column":6},"end":{"line":36,"column":30}},"19":{"start":{"line":38,"column":6},"end":{"line":38,"column":60}},"20":{"start":{"line":43,"column":4},"end":{"line":49,"column":5}},"21":{"start":{"line":44,"column":37},"end":{"line":44,"column":45}},"22":{"start":{"line":45,"column":20},"end":{"line":45,"column":83}},"23":{"start":{"line":46,"column":6},"end":{"line":46,"column":41}},"24":{"start":{"line":48,"column":6},"end":{"line":48,"column":80}},"25":{"start":{"line":53,"column":0},"end":{"line":53,"column":38}}},"fnMap":{"0":{"name":"(anonymous_0)","decl":{"start":{"line":5,"column":2},"end":{"line":5,"column":3}},"loc":{"start":{"line":5,"column":24},"end":{"line":13,"column":3}},"line":5},"1":{"name":"(anonymous_1)","decl":{"start":{"line":15,"column":2},"end":{"line":15,"column":3}},"loc":{"start":{"line":15,"column":21},"end":{"line":31,"column":3}},"line":15},"2":{"name":"(anonymous_2)","decl":{"start":{"line":33,"column":2},"end":{"line":33,"column":3}},"loc":{"start":{"line":33,"column":33},"end":{"line":40,"column":3}},"line":33},"3":{"name":"(anonymous_3)","decl":{"start":{"line":42,"column":2},"end":{"line":42,"column":3}},"loc":{"start":{"line":42,"column":31},"end":{"line":50,"column":3}},"line":42}},"branchMap":{"0":{"loc":{"start":{"line":11,"column":24},"end":{"line":11,"column":47}},"type":"binary-expr","locations":[{"start":{"line":11,"column":24},"end":{"line":11,"column":40}},{"start":{"line":11,"column":44},"end":{"line":11,"column":47}}],"line":11},"1":{"loc":{"start":{"line":17,"column":24},"end":{"line":17,"column":72}},"type":"binary-expr","locations":[{"start":{"line":17,"column":24},"end":{"line":17,"column":39}},{"start":{"line":17,"column":43},"end":{"line":17,"column":56}},{"start":{"line":17,"column":60},"end":{"line":17,"column":72}}],"line":17},"2":{"loc":{"start":{"line":19,"column":6},"end":{"line":21,"column":7}},"type":"if","locations":[{"start":{"line":19,"column":6},"end":{"line":21,"column":7}},{"start":{},"end":{}}],"line":19},"3":{"loc":{"start":{"line":24,"column":6},"end":{"line":26,"column":7}},"type":"if","locations":[{"start":{"line":24,"column":6},"end":{"line":26,"column":7}},{"start":{},"end":{}}],"line":24},"4":{"loc":{"start":{"line":24,"column":10},"end":{"line":24,"column":36}},"type":"binary-expr","locations":[{"start":{"line":24,"column":10},"end":{"line":24,"column":18}},{"start":{"line":24,"column":22},"end":{"line":24,"column":36}}],"line":24},"5":{"loc":{"start":{"line":48,"column":24},"end":{"line":48,"column":47}},"type":"binary-expr","locations":[{"start":{"line":48,"column":24},"end":{"line":48,"column":40}},{"start":{"line":48,"column":44},"end":{"line":48,"column":47}}],"line":48}},"s":{"0":5,"1":5,"2":3,"3":3,"4":2,"5":1,"6":2,"7":5,"8":5,"9":5,"10":2,"11":3,"12":2,"13":1,"14":1,"15":1,"16":2,"17":2,"18":1,"19":1,"20":2,"21":2,"22":2,"23":1,"24":1,"25":5},"f":{"0":3,"1":5,"2":2,"3":2},"b":{"0":[2,1],"1":[5,5,2],"2":[2,3],"3":[1,1],"4":[2,2],"5":[1,0]},"_coverageSchema":"1a1c01bbd47fc00a2c39e90264f33305004495a9","hash":"4c0054449b01c500e16c28a46ae2fb774c068ac3"}
,"C:\\Users\\luiz.silva\\OneDrive\\Área de Trabalho\\tickets\\scp\\bff-chamados\\src\\controllers\\permissaoController.js": {"path":"C:\\Users\\luiz.silva\\OneDrive\\Área de Trabalho\\tickets\\scp\\bff-chamados\\src\\controllers\\permissaoController.js","statementMap":{"0":{"start":{"line":1,"column":25},"end":{"line":1,"column":64}},"1":{"start":{"line":5,"column":4},"end":{"line":12,"column":5}},"2":{"start":{"line":6,"column":33},"end":{"line":6,"column":43}},"3":{"start":{"line":7,"column":25},"end":{"line":7,"column":70}},"4":{"start":{"line":8,"column":6},"end":{"line":8,"column":34}},"5":{"start":{"line":10,"column":21},"end":{"line":10,"column":42}},"6":{"start":{"line":11,"column":6},"end":{"line":11,"column":93}},"7":{"start":{"line":16,"column":4},"end":{"line":24,"column":5}},"8":{"start":{"line":17,"column":33},"end":{"line":17,"column":43}},"9":{"start":{"line":18,"column":35},"end":{"line":18,"column":43}},"10":{"start":{"line":19,"column":24},"end":{"line":19,"column":100}},"11":{"start":{"line":20,"column":6},"end":{"line":20,"column":45}},"12":{"start":{"line":22,"column":21},"end":{"line":22,"column":42}},"13":{"start":{"line":23,"column":6},"end":{"line":23,"column":92}},"14":{"start":{"line":28,"column":4},"end":{"line":35,"column":5}},"15":{"start":{"line":29,"column":44},"end":{"line":29,"column":54}},"16":{"start":{"line":30,"column":6},"end":{"line":30,"column":64}},"17":{"start":{"line":31,"column":6},"end":{"line":31,"column":36}},"18":{"start":{"line":33,"column":21},"end":{"line":33,"column":42}},"19":{"start":{"line":34,"column":6},"end":{"line":34,"column":93}},"20":{"start":{"line":39,"column":4},"end":{"line":47,"column":5}},"21":{"start":{"line":40,"column":33},"end":{"line":40,"column":43}},"22":{"start":{"line":41,"column":37},"end":{"line":41,"column":45}},"23":{"start":{"line":42,"column":24},"end":{"line":42,"column":108}},"24":{"start":{"line":43,"column":6},"end":{"line":43,"column":45}},"25":{"start":{"line":45,"column":21},"end":{"line":45,"column":42}},"26":{"start":{"line":46,"column":6},"end":{"line":46,"column":93}},"27":{"start":{"line":51,"column":0},"end":{"line":51,"column":43}}},"fnMap":{"0":{"name":"(anonymous_0)","decl":{"start":{"line":4,"column":2},"end":{"line":4,"column":3}},"loc":{"start":{"line":4,"column":25},"end":{"line":13,"column":3}},"line":4},"1":{"name":"(anonymous_1)","decl":{"start":{"line":15,"column":2},"end":{"line":15,"column":3}},"loc":{"start":{"line":15,"column":25},"end":{"line":25,"column":3}},"line":15},"2":{"name":"(anonymous_2)","decl":{"start":{"line":27,"column":2},"end":{"line":27,"column":3}},"loc":{"start":{"line":27,"column":26},"end":{"line":36,"column":3}},"line":27},"3":{"name":"(anonymous_3)","decl":{"start":{"line":38,"column":2},"end":{"line":38,"column":3}},"loc":{"start":{"line":38,"column":29},"end":{"line":48,"column":3}},"line":38}},"branchMap":{"0":{"loc":{"start":{"line":10,"column":21},"end":{"line":10,"column":42}},"type":"binary-expr","locations":[{"start":{"line":10,"column":21},"end":{"line":10,"column":35}},{"start":{"line":10,"column":39},"end":{"line":10,"column":42}}],"line":10},"1":{"loc":{"start":{"line":11,"column":46},"end":{"line":11,"column":89}},"type":"binary-expr","locations":[{"start":{"line":11,"column":46},"end":{"line":11,"column":57}},{"start":{"line":11,"column":61},"end":{"line":11,"column":89}}],"line":11},"2":{"loc":{"start":{"line":22,"column":21},"end":{"line":22,"column":42}},"type":"binary-expr","locations":[{"start":{"line":22,"column":21},"end":{"line":22,"column":35}},{"start":{"line":22,"column":39},"end":{"line":22,"column":42}}],"line":22},"3":{"loc":{"start":{"line":23,"column":46},"end":{"line":23,"column":88}},"type":"binary-expr","locations":[{"start":{"line":23,"column":46},"end":{"line":23,"column":57}},{"start":{"line":23,"column":61},"end":{"line":23,"column":88}}],"line":23},"4":{"loc":{"start":{"line":33,"column":21},"end":{"line":33,"column":42}},"type":"binary-expr","locations":[{"start":{"line":33,"column":21},"end":{"line":33,"column":35}},{"start":{"line":33,"column":39},"end":{"line":33,"column":42}}],"line":33},"5":{"loc":{"start":{"line":34,"column":46},"end":{"line":34,"column":89}},"type":"binary-expr","locations":[{"start":{"line":34,"column":46},"end":{"line":34,"column":57}},{"start":{"line":34,"column":61},"end":{"line":34,"column":89}}],"line":34},"6":{"loc":{"start":{"line":45,"column":21},"end":{"line":45,"column":42}},"type":"binary-expr","locations":[{"start":{"line":45,"column":21},"end":{"line":45,"column":35}},{"start":{"line":45,"column":39},"end":{"line":45,"column":42}}],"line":45},"7":{"loc":{"start":{"line":46,"column":46},"end":{"line":46,"column":89}},"type":"binary-expr","locations":[{"start":{"line":46,"column":46},"end":{"line":46,"column":57}},{"start":{"line":46,"column":61},"end":{"line":46,"column":89}}],"line":46}},"s":{"0":5,"1":2,"2":2,"3":2,"4":1,"5":1,"6":1,"7":2,"8":2,"9":2,"10":2,"11":1,"12":1,"13":1,"14":2,"15":2,"16":2,"17":1,"18":1,"19":1,"20":2,"21":2,"22":2,"23":2,"24":1,"25":1,"26":1,"27":5},"f":{"0":2,"1":2,"2":2,"3":2},"b":{"0":[1,1],"1":[1,0],"2":[1,1],"3":[1,0],"4":[1,1],"5":[1,0],"6":[1,1],"7":[1,0]},"_coverageSchema":"1a1c01bbd47fc00a2c39e90264f33305004495a9","hash":"08ea4c15c5bfad7d3c16024186d832960da334fd"}
,"C:\\Users\\luiz.silva\\OneDrive\\Área de Trabalho\\tickets\\scp\\bff-chamados\\src\\controllers\\procedimentoController.js": {"path":"C:\\Users\\luiz.silva\\OneDrive\\Área de Trabalho\\tickets\\scp\\bff-chamados\\src\\controllers\\procedimentoController.js","statementMap":{"0":{"start":{"line":1,"column":28},"end":{"line":1,"column":70}},"1":{"start":{"line":3,"column":0},"end":{"line":12,"column":2}},"2":{"start":{"line":4,"column":2},"end":{"line":11,"column":3}},"3":{"start":{"line":5,"column":44},"end":{"line":5,"column":53}},"4":{"start":{"line":6,"column":22},"end":{"line":6,"column":104}},"5":{"start":{"line":7,"column":4},"end":{"line":7,"column":31}},"6":{"start":{"line":9,"column":19},"end":{"line":9,"column":42}},"7":{"start":{"line":10,"column":4},"end":{"line":10,"column":61}},"8":{"start":{"line":14,"column":0},"end":{"line":22,"column":2}},"9":{"start":{"line":15,"column":2},"end":{"line":21,"column":3}},"10":{"start":{"line":16,"column":25},"end":{"line":16,"column":88}},"11":{"start":{"line":17,"column":4},"end":{"line":17,"column":27}},"12":{"start":{"line":19,"column":19},"end":{"line":19,"column":42}},"13":{"start":{"line":20,"column":4},"end":{"line":20,"column":54}},"14":{"start":{"line":24,"column":0},"end":{"line":32,"column":2}},"15":{"start":{"line":25,"column":2},"end":{"line":31,"column":3}},"16":{"start":{"line":26,"column":17},"end":{"line":26,"column":83}},"17":{"start":{"line":27,"column":4},"end":{"line":27,"column":31}},"18":{"start":{"line":29,"column":19},"end":{"line":29,"column":42}},"19":{"start":{"line":30,"column":4},"end":{"line":30,"column":54}},"20":{"start":{"line":34,"column":0},"end":{"line":42,"column":2}},"21":{"start":{"line":35,"column":2},"end":{"line":41,"column":3}},"22":{"start":{"line":36,"column":4},"end":{"line":36,"column":78}},"23":{"start":{"line":37,"column":4},"end":{"line":37,"column":50}},"24":{"start":{"line":39,"column":19},"end":{"line":39,"column":42}},"25":{"start":{"line":40,"column":4},"end":{"line":40,"column":54}},"26":{"start":{"line":44,"column":0},"end":{"line":52,"column":2}},"27":{"start":{"line":45,"column":2},"end":{"line":51,"column":3}},"28":{"start":{"line":46,"column":18},"end":{"line":46,"column":96}},"29":{"start":{"line":47,"column":4},"end":{"line":47,"column":32}},"30":{"start":{"line":49,"column":19},"end":{"line":49,"column":42}},"31":{"start":{"line":50,"column":4},"end":{"line":50,"column":54}},"32":{"start":{"line":54,"column":0},"end":{"line":63,"column":2}},"33":{"start":{"line":55,"column":2},"end":{"line":62,"column":3}},"34":{"start":{"line":56,"column":19},"end":{"line":56,"column":29}},"35":{"start":{"line":57,"column":35},"end":{"line":57,"column":109}},"36":{"start":{"line":58,"column":4},"end":{"line":58,"column":44}},"37":{"start":{"line":60,"column":19},"end":{"line":60,"column":42}},"38":{"start":{"line":61,"column":4},"end":{"line":61,"column":98}},"39":{"start":{"line":65,"column":0},"end":{"line":75,"column":2}},"40":{"start":{"line":66,"column":2},"end":{"line":74,"column":3}},"41":{"start":{"line":67,"column":24},"end":{"line":67,"column":34}},"42":{"start":{"line":68,"column":26},"end":{"line":68,"column":37}},"43":{"start":{"line":69,"column":4},"end":{"line":69,"column":67}},"44":{"start":{"line":70,"column":4},"end":{"line":70,"column":34}},"45":{"start":{"line":72,"column":19},"end":{"line":72,"column":42}},"46":{"start":{"line":73,"column":4},"end":{"line":73,"column":61}}},"fnMap":{"0":{"name":"(anonymous_0)","decl":{"start":{"line":3,"column":17},"end":{"line":3,"column":18}},"loc":{"start":{"line":3,"column":37},"end":{"line":12,"column":1}},"line":3},"1":{"name":"(anonymous_1)","decl":{"start":{"line":14,"column":21},"end":{"line":14,"column":22}},"loc":{"start":{"line":14,"column":41},"end":{"line":22,"column":1}},"line":14},"2":{"name":"(anonymous_2)","decl":{"start":{"line":24,"column":16},"end":{"line":24,"column":17}},"loc":{"start":{"line":24,"column":36},"end":{"line":32,"column":1}},"line":24},"3":{"name":"(anonymous_3)","decl":{"start":{"line":34,"column":18},"end":{"line":34,"column":19}},"loc":{"start":{"line":34,"column":38},"end":{"line":42,"column":1}},"line":34},"4":{"name":"(anonymous_4)","decl":{"start":{"line":44,"column":25},"end":{"line":44,"column":26}},"loc":{"start":{"line":44,"column":45},"end":{"line":52,"column":1}},"line":44},"5":{"name":"(anonymous_5)","decl":{"start":{"line":54,"column":20},"end":{"line":54,"column":21}},"loc":{"start":{"line":54,"column":40},"end":{"line":63,"column":1}},"line":54},"6":{"name":"(anonymous_6)","decl":{"start":{"line":65,"column":23},"end":{"line":65,"column":24}},"loc":{"start":{"line":65,"column":43},"end":{"line":75,"column":1}},"line":65}},"branchMap":{"0":{"loc":{"start":{"line":5,"column":19},"end":{"line":5,"column":27}},"type":"default-arg","locations":[{"start":{"line":5,"column":26},"end":{"line":5,"column":27}}],"line":5},"1":{"loc":{"start":{"line":5,"column":29},"end":{"line":5,"column":39}},"type":"default-arg","locations":[{"start":{"line":5,"column":37},"end":{"line":5,"column":39}}],"line":5},"2":{"loc":{"start":{"line":9,"column":19},"end":{"line":9,"column":42}},"type":"binary-expr","locations":[{"start":{"line":9,"column":19},"end":{"line":9,"column":35}},{"start":{"line":9,"column":39},"end":{"line":9,"column":42}}],"line":9},"3":{"loc":{"start":{"line":19,"column":19},"end":{"line":19,"column":42}},"type":"binary-expr","locations":[{"start":{"line":19,"column":19},"end":{"line":19,"column":35}},{"start":{"line":19,"column":39},"end":{"line":19,"column":42}}],"line":19},"4":{"loc":{"start":{"line":29,"column":19},"end":{"line":29,"column":42}},"type":"binary-expr","locations":[{"start":{"line":29,"column":19},"end":{"line":29,"column":35}},{"start":{"line":29,"column":39},"end":{"line":29,"column":42}}],"line":29},"5":{"loc":{"start":{"line":39,"column":19},"end":{"line":39,"column":42}},"type":"binary-expr","locations":[{"start":{"line":39,"column":19},"end":{"line":39,"column":35}},{"start":{"line":39,"column":39},"end":{"line":39,"column":42}}],"line":39},"6":{"loc":{"start":{"line":49,"column":19},"end":{"line":49,"column":42}},"type":"binary-expr","locations":[{"start":{"line":49,"column":19},"end":{"line":49,"column":35}},{"start":{"line":49,"column":39},"end":{"line":49,"column":42}}],"line":49},"7":{"loc":{"start":{"line":60,"column":19},"end":{"line":60,"column":42}},"type":"binary-expr","locations":[{"start":{"line":60,"column":19},"end":{"line":60,"column":35}},{"start":{"line":60,"column":39},"end":{"line":60,"column":42}}],"line":60},"8":{"loc":{"start":{"line":61,"column":44},"end":{"line":61,"column":94}},"type":"binary-expr","locations":[{"start":{"line":61,"column":44},"end":{"line":61,"column":57}},{"start":{"line":61,"column":61},"end":{"line":61,"column":94}}],"line":61},"9":{"loc":{"start":{"line":72,"column":19},"end":{"line":72,"column":42}},"type":"binary-expr","locations":[{"start":{"line":72,"column":19},"end":{"line":72,"column":35}},{"start":{"line":72,"column":39},"end":{"line":72,"column":42}}],"line":72}},"s":{"0":5,"1":5,"2":3,"3":3,"4":3,"5":2,"6":1,"7":1,"8":5,"9":3,"10":3,"11":1,"12":2,"13":2,"14":5,"15":3,"16":3,"17":1,"18":2,"19":2,"20":5,"21":3,"22":3,"23":1,"24":2,"25":2,"26":5,"27":3,"28":3,"29":1,"30":2,"31":2,"32":5,"33":3,"34":3,"35":3,"36":1,"37":2,"38":2,"39":5,"40":2,"41":2,"42":2,"43":2,"44":1,"45":1,"46":1},"f":{"0":3,"1":3,"2":3,"3":3,"4":3,"5":3,"6":2},"b":{"0":[2],"1":[2],"2":[1,1],"3":[2,1],"4":[2,2],"5":[2,1],"6":[2,2],"7":[2,1],"8":[2,0],"9":[1,1]},"_coverageSchema":"1a1c01bbd47fc00a2c39e90264f33305004495a9","hash":"4b0356ce243dd7d2e2ba2d735d00d3e23f33b312"}
,"C:\\Users\\luiz.silva\\OneDrive\\Área de Trabalho\\tickets\\scp\\bff-chamados\\src\\controllers\\ssoController.js": {"path":"C:\\Users\\luiz.silva\\OneDrive\\Área de Trabalho\\tickets\\scp\\bff-chamados\\src\\controllers\\ssoController.js","statementMap":{"0":{"start":{"line":1,"column":19},"end":{"line":1,"column":52}},"1":{"start":{"line":2,"column":20},"end":{"line":2,"column":54}},"2":{"start":{"line":6,"column":4},"end":{"line":41,"column":5}},"3":{"start":{"line":7,"column":33},"end":{"line":7,"column":41}},"4":{"start":{"line":9,"column":6},"end":{"line":11,"column":7}},"5":{"start":{"line":10,"column":8},"end":{"line":10,"column":84}},"6":{"start":{"line":13,"column":22},"end":{"line":13,"column":74}},"7":{"start":{"line":15,"column":31},"end":{"line":17,"column":12}},"8":{"start":{"line":16,"column":45},"end":{"line":16,"column":74}},"9":{"start":{"line":19,"column":31},"end":{"line":28,"column":7}},"10":{"start":{"line":30,"column":20},"end":{"line":30,"column":67}},"11":{"start":{"line":32,"column":6},"end":{"line":35,"column":9}},"12":{"start":{"line":37,"column":6},"end":{"line":37,"column":54}},"13":{"start":{"line":39,"column":25},"end":{"line":39,"column":115}},"14":{"start":{"line":40,"column":6},"end":{"line":40,"column":95}},"15":{"start":{"line":45,"column":4},"end":{"line":55,"column":5}},"16":{"start":{"line":46,"column":51},"end":{"line":46,"column":60}},"17":{"start":{"line":47,"column":24},"end":{"line":51,"column":7}},"18":{"start":{"line":52,"column":6},"end":{"line":52,"column":33}},"19":{"start":{"line":54,"column":6},"end":{"line":54,"column":89}},"20":{"start":{"line":59,"column":4},"end":{"line":67,"column":5}},"21":{"start":{"line":60,"column":20},"end":{"line":60,"column":70}},"22":{"start":{"line":61,"column":6},"end":{"line":61,"column":34}},"23":{"start":{"line":63,"column":6},"end":{"line":65,"column":7}},"24":{"start":{"line":64,"column":8},"end":{"line":64,"column":60}},"25":{"start":{"line":66,"column":6},"end":{"line":66,"column":79}},"26":{"start":{"line":71,"column":4},"end":{"line":77,"column":5}},"27":{"start":{"line":72,"column":21},"end":{"line":72,"column":31}},"28":{"start":{"line":73,"column":6},"end":{"line":73,"column":53}},"29":{"start":{"line":74,"column":6},"end":{"line":74,"column":29}},"30":{"start":{"line":76,"column":6},"end":{"line":76,"column":81}},"31":{"start":{"line":81,"column":0},"end":{"line":81,"column":37}}},"fnMap":{"0":{"name":"(anonymous_0)","decl":{"start":{"line":5,"column":2},"end":{"line":5,"column":3}},"loc":{"start":{"line":5,"column":33},"end":{"line":42,"column":3}},"line":5},"1":{"name":"(anonymous_1)","decl":{"start":{"line":16,"column":38},"end":{"line":16,"column":39}},"loc":{"start":{"line":16,"column":45},"end":{"line":16,"column":74}},"line":16},"2":{"name":"(anonymous_2)","decl":{"start":{"line":44,"column":2},"end":{"line":44,"column":3}},"loc":{"start":{"line":44,"column":25},"end":{"line":56,"column":3}},"line":44},"3":{"name":"(anonymous_3)","decl":{"start":{"line":58,"column":2},"end":{"line":58,"column":3}},"loc":{"start":{"line":58,"column":24},"end":{"line":68,"column":3}},"line":58},"4":{"name":"(anonymous_4)","decl":{"start":{"line":70,"column":2},"end":{"line":70,"column":3}},"loc":{"start":{"line":70,"column":26},"end":{"line":78,"column":3}},"line":70}},"branchMap":{"0":{"loc":{"start":{"line":9,"column":6},"end":{"line":11,"column":7}},"type":"if","locations":[{"start":{"line":9,"column":6},"end":{"line":11,"column":7}},{"start":{},"end":{}}],"line":9},"1":{"loc":{"start":{"line":15,"column":31},"end":{"line":17,"column":12}},"type":"cond-expr","locations":[{"start":{"line":16,"column":10},"end":{"line":16,"column":91}},{"start":{"line":17,"column":10},"end":{"line":17,"column":12}}],"line":15},"2":{"loc":{"start":{"line":16,"column":45},"end":{"line":16,"column":74}},"type":"binary-expr","locations":[{"start":{"line":16,"column":45},"end":{"line":16,"column":63}},{"start":{"line":16,"column":67},"end":{"line":16,"column":74}}],"line":16},"3":{"loc":{"start":{"line":21,"column":14},"end":{"line":21,"column":43}},"type":"binary-expr","locations":[{"start":{"line":21,"column":14},"end":{"line":21,"column":26}},{"start":{"line":21,"column":30},"end":{"line":21,"column":43}}],"line":21},"4":{"loc":{"start":{"line":25,"column":16},"end":{"line":25,"column":48}},"type":"binary-expr","locations":[{"start":{"line":25,"column":16},"end":{"line":25,"column":34}},{"start":{"line":25,"column":38},"end":{"line":25,"column":48}}],"line":25},"5":{"loc":{"start":{"line":39,"column":25},"end":{"line":39,"column":115}},"type":"cond-expr","locations":[{"start":{"line":39,"column":106},"end":{"line":39,"column":109}},{"start":{"line":39,"column":112},"end":{"line":39,"column":115}}],"line":39},"6":{"loc":{"start":{"line":39,"column":25},"end":{"line":39,"column":103}},"type":"binary-expr","locations":[{"start":{"line":39,"column":25},"end":{"line":39,"column":64}},{"start":{"line":39,"column":68},"end":{"line":39,"column":103}}],"line":39},"7":{"loc":{"start":{"line":40,"column":50},"end":{"line":40,"column":91}},"type":"binary-expr","locations":[{"start":{"line":40,"column":50},"end":{"line":40,"column":63}},{"start":{"line":40,"column":67},"end":{"line":40,"column":91}}],"line":40},"8":{"loc":{"start":{"line":46,"column":14},"end":{"line":46,"column":22}},"type":"default-arg","locations":[{"start":{"line":46,"column":21},"end":{"line":46,"column":22}}],"line":46},"9":{"loc":{"start":{"line":46,"column":24},"end":{"line":46,"column":34}},"type":"default-arg","locations":[{"start":{"line":46,"column":32},"end":{"line":46,"column":34}}],"line":46},"10":{"loc":{"start":{"line":46,"column":36},"end":{"line":46,"column":46}},"type":"default-arg","locations":[{"start":{"line":46,"column":44},"end":{"line":46,"column":46}}],"line":46},"11":{"loc":{"start":{"line":63,"column":6},"end":{"line":65,"column":7}},"type":"if","locations":[{"start":{"line":63,"column":6},"end":{"line":65,"column":7}},{"start":{},"end":{}}],"line":63},"12":{"loc":{"start":{"line":63,"column":10},"end":{"line":63,"column":83}},"type":"binary-expr","locations":[{"start":{"line":63,"column":10},"end":{"line":63,"column":43}},{"start":{"line":63,"column":47},"end":{"line":63,"column":83}}],"line":63}},"s":{"0":5,"1":5,"2":3,"3":3,"4":3,"5":1,"6":2,"7":1,"8":0,"9":1,"10":1,"11":1,"12":1,"13":1,"14":1,"15":2,"16":2,"17":2,"18":1,"19":1,"20":2,"21":2,"22":1,"23":1,"24":1,"25":0,"26":2,"27":2,"28":2,"29":1,"30":1,"31":5},"f":{"0":3,"1":0,"2":2,"3":2,"4":2},"b":{"0":[1,2],"1":[0,1],"2":[0,0],"3":[1,1],"4":[1,1],"5":[1,0],"6":[1,0],"7":[1,0],"8":[2],"9":[2],"10":[2],"11":[1,0],"12":[1,0]},"_coverageSchema":"1a1c01bbd47fc00a2c39e90264f33305004495a9","hash":"7112714f2c67e3d891df5d4c6a15b3500134872f"}
,"C:\\Users\\luiz.silva\\OneDrive\\Área de Trabalho\\tickets\\scp\\bff-chamados\\src\\controllers\\usuarioController.js": {"path":"C:\\Users\\luiz.silva\\OneDrive\\Área de Trabalho\\tickets\\scp\\bff-chamados\\src\\controllers\\usuarioController.js","statementMap":{"0":{"start":{"line":1,"column":23},"end":{"line":1,"column":60}},"1":{"start":{"line":5,"column":4},"end":{"line":11,"column":5}},"2":{"start":{"line":6,"column":26},"end":{"line":6,"column":82}},"3":{"start":{"line":7,"column":6},"end":{"line":7,"column":47}},"4":{"start":{"line":9,"column":21},"end":{"line":9,"column":44}},"5":{"start":{"line":10,"column":6},"end":{"line":10,"column":103}},"6":{"start":{"line":15,"column":4},"end":{"line":25,"column":5}},"7":{"start":{"line":16,"column":51},"end":{"line":16,"column":60}},"8":{"start":{"line":17,"column":24},"end":{"line":21,"column":7}},"9":{"start":{"line":22,"column":6},"end":{"line":22,"column":33}},"10":{"start":{"line":24,"column":6},"end":{"line":24,"column":60}},"11":{"start":{"line":29,"column":4},"end":{"line":36,"column":5}},"12":{"start":{"line":30,"column":21},"end":{"line":30,"column":31}},"13":{"start":{"line":31,"column":25},"end":{"line":31,"column":33}},"14":{"start":{"line":32,"column":32},"end":{"line":32,"column":89}},"15":{"start":{"line":33,"column":6},"end":{"line":33,"column":41}},"16":{"start":{"line":35,"column":6},"end":{"line":35,"column":80}},"17":{"start":{"line":40,"column":4},"end":{"line":49,"column":5}},"18":{"start":{"line":41,"column":21},"end":{"line":41,"column":31}},"19":{"start":{"line":42,"column":24},"end":{"line":42,"column":32}},"20":{"start":{"line":43,"column":30},"end":{"line":43,"column":44}},"21":{"start":{"line":45,"column":22},"end":{"line":45,"column":104}},"22":{"start":{"line":46,"column":6},"end":{"line":46,"column":31}},"23":{"start":{"line":48,"column":6},"end":{"line":48,"column":80}},"24":{"start":{"line":53,"column":4},"end":{"line":60,"column":5}},"25":{"start":{"line":54,"column":21},"end":{"line":54,"column":31}},"26":{"start":{"line":55,"column":32},"end":{"line":55,"column":89}},"27":{"start":{"line":56,"column":6},"end":{"line":56,"column":41}},"28":{"start":{"line":58,"column":21},"end":{"line":58,"column":44}},"29":{"start":{"line":59,"column":6},"end":{"line":59,"column":95}},"30":{"start":{"line":64,"column":0},"end":{"line":64,"column":41}}},"fnMap":{"0":{"name":"(anonymous_0)","decl":{"start":{"line":4,"column":2},"end":{"line":4,"column":3}},"loc":{"start":{"line":4,"column":24},"end":{"line":12,"column":3}},"line":4},"1":{"name":"(anonymous_1)","decl":{"start":{"line":14,"column":2},"end":{"line":14,"column":3}},"loc":{"start":{"line":14,"column":25},"end":{"line":26,"column":3}},"line":14},"2":{"name":"(anonymous_2)","decl":{"start":{"line":28,"column":2},"end":{"line":28,"column":3}},"loc":{"start":{"line":28,"column":32},"end":{"line":37,"column":3}},"line":28},"3":{"name":"(anonymous_3)","decl":{"start":{"line":39,"column":2},"end":{"line":39,"column":3}},"loc":{"start":{"line":39,"column":33},"end":{"line":50,"column":3}},"line":39},"4":{"name":"(anonymous_4)","decl":{"start":{"line":52,"column":2},"end":{"line":52,"column":3}},"loc":{"start":{"line":52,"column":28},"end":{"line":61,"column":3}},"line":52}},"branchMap":{"0":{"loc":{"start":{"line":9,"column":21},"end":{"line":9,"column":44}},"type":"binary-expr","locations":[{"start":{"line":9,"column":21},"end":{"line":9,"column":37}},{"start":{"line":9,"column":41},"end":{"line":9,"column":44}}],"line":9},"1":{"loc":{"start":{"line":10,"column":46},"end":{"line":10,"column":99}},"type":"binary-expr","locations":[{"start":{"line":10,"column":46},"end":{"line":10,"column":59}},{"start":{"line":10,"column":63},"end":{"line":10,"column":99}}],"line":10},"2":{"loc":{"start":{"line":16,"column":14},"end":{"line":16,"column":22}},"type":"default-arg","locations":[{"start":{"line":16,"column":21},"end":{"line":16,"column":22}}],"line":16},"3":{"loc":{"start":{"line":16,"column":24},"end":{"line":16,"column":34}},"type":"default-arg","locations":[{"start":{"line":16,"column":32},"end":{"line":16,"column":34}}],"line":16},"4":{"loc":{"start":{"line":16,"column":36},"end":{"line":16,"column":46}},"type":"default-arg","locations":[{"start":{"line":16,"column":44},"end":{"line":16,"column":46}}],"line":16},"5":{"loc":{"start":{"line":35,"column":24},"end":{"line":35,"column":47}},"type":"binary-expr","locations":[{"start":{"line":35,"column":24},"end":{"line":35,"column":40}},{"start":{"line":35,"column":44},"end":{"line":35,"column":47}}],"line":35},"6":{"loc":{"start":{"line":48,"column":24},"end":{"line":48,"column":47}},"type":"binary-expr","locations":[{"start":{"line":48,"column":24},"end":{"line":48,"column":40}},{"start":{"line":48,"column":44},"end":{"line":48,"column":47}}],"line":48},"7":{"loc":{"start":{"line":58,"column":21},"end":{"line":58,"column":44}},"type":"binary-expr","locations":[{"start":{"line":58,"column":21},"end":{"line":58,"column":37}},{"start":{"line":58,"column":41},"end":{"line":58,"column":44}}],"line":58},"8":{"loc":{"start":{"line":59,"column":46},"end":{"line":59,"column":91}},"type":"binary-expr","locations":[{"start":{"line":59,"column":46},"end":{"line":59,"column":59}},{"start":{"line":59,"column":63},"end":{"line":59,"column":91}}],"line":59}},"s":{"0":5,"1":3,"2":3,"3":1,"4":2,"5":2,"6":3,"7":3,"8":3,"9":2,"10":1,"11":2,"12":2,"13":2,"14":2,"15":1,"16":1,"17":3,"18":3,"19":3,"20":2,"21":2,"22":1,"23":2,"24":3,"25":3,"26":3,"27":1,"28":2,"29":2,"30":5},"f":{"0":3,"1":3,"2":2,"3":3,"4":3},"b":{"0":[2,2],"1":[2,0],"2":[2],"3":[2],"4":[2],"5":[1,1],"6":[2,2],"7":[2,1],"8":[2,0]},"_coverageSchema":"1a1c01bbd47fc00a2c39e90264f33305004495a9","hash":"dda81741ad73ad42462715167e28fe312aae06d0"}
,"C:\\Users\\luiz.silva\\OneDrive\\Área de Trabalho\\tickets\\scp\\bff-chamados\\src\\middlewares\\auth.js": {"path":"C:\\Users\\luiz.silva\\OneDrive\\Área de Trabalho\\tickets\\scp\\bff-chamados\\src\\middlewares\\auth.js","statementMap":{"0":{"start":{"line":1,"column":12},"end":{"line":1,"column":35}},"1":{"start":{"line":3,"column":0},"end":{"line":27,"column":2}},"2":{"start":{"line":4,"column":21},"end":{"line":4,"column":46}},"3":{"start":{"line":6,"column":2},"end":{"line":8,"column":3}},"4":{"start":{"line":7,"column":4},"end":{"line":7,"column":82}},"5":{"start":{"line":10,"column":16},"end":{"line":10,"column":37}},"6":{"start":{"line":11,"column":2},"end":{"line":13,"column":3}},"7":{"start":{"line":12,"column":4},"end":{"line":12,"column":71}},"8":{"start":{"line":15,"column":26},"end":{"line":15,"column":31}},"9":{"start":{"line":17,"column":2},"end":{"line":19,"column":3}},"10":{"start":{"line":18,"column":4},"end":{"line":18,"column":65}},"11":{"start":{"line":21,"column":2},"end":{"line":26,"column":5}},"12":{"start":{"line":22,"column":4},"end":{"line":22,"column":82}},"13":{"start":{"line":22,"column":13},"end":{"line":22,"column":82}},"14":{"start":{"line":24,"column":4},"end":{"line":24,"column":31}},"15":{"start":{"line":25,"column":4},"end":{"line":25,"column":18}}},"fnMap":{"0":{"name":"(anonymous_0)","decl":{"start":{"line":3,"column":17},"end":{"line":3,"column":18}},"loc":{"start":{"line":3,"column":37},"end":{"line":27,"column":1}},"line":3},"1":{"name":"(anonymous_1)","decl":{"start":{"line":21,"column":63},"end":{"line":21,"column":64}},"loc":{"start":{"line":21,"column":81},"end":{"line":26,"column":3}},"line":21}},"branchMap":{"0":{"loc":{"start":{"line":6,"column":2},"end":{"line":8,"column":3}},"type":"if","locations":[{"start":{"line":6,"column":2},"end":{"line":8,"column":3}},{"start":{},"end":{}}],"line":6},"1":{"loc":{"start":{"line":11,"column":2},"end":{"line":13,"column":3}},"type":"if","locations":[{"start":{"line":11,"column":2},"end":{"line":13,"column":3}},{"start":{},"end":{}}],"line":11},"2":{"loc":{"start":{"line":17,"column":2},"end":{"line":19,"column":3}},"type":"if","locations":[{"start":{"line":17,"column":2},"end":{"line":19,"column":3}},{"start":{},"end":{}}],"line":17},"3":{"loc":{"start":{"line":21,"column":20},"end":{"line":21,"column":61}},"type":"binary-expr","locations":[{"start":{"line":21,"column":20},"end":{"line":21,"column":42}},{"start":{"line":21,"column":46},"end":{"line":21,"column":61}}],"line":21},"4":{"loc":{"start":{"line":22,"column":4},"end":{"line":22,"column":82}},"type":"if","locations":[{"start":{"line":22,"column":4},"end":{"line":22,"column":82}},{"start":{},"end":{}}],"line":22}},"s":{"0":4,"1":4,"2":5,"3":5,"4":1,"5":4,"6":4,"7":1,"8":3,"9":3,"10":1,"11":2,"12":2,"13":1,"14":1,"15":1},"f":{"0":5,"1":2},"b":{"0":[1,4],"1":[1,3],"2":[1,2],"3":[2,0],"4":[1,1]},"_coverageSchema":"1a1c01bbd47fc00a2c39e90264f33305004495a9","hash":"0ea82e9cbf0ecbb6b032a6b1e6963e359c6c4b28"}
,"C:\\Users\\luiz.silva\\OneDrive\\Área de Trabalho\\tickets\\scp\\bff-chamados\\src\\middlewares\\authMiddleware.js": {"path":"C:\\Users\\luiz.silva\\OneDrive\\Área de Trabalho\\tickets\\scp\\bff-chamados\\src\\middlewares\\authMiddleware.js","statementMap":{"0":{"start":{"line":1,"column":12},"end":{"line":1,"column":35}},"1":{"start":{"line":2,"column":15},"end":{"line":2,"column":42}},"2":{"start":{"line":5,"column":14},"end":{"line":5,"column":18}},"3":{"start":{"line":7,"column":21},"end":{"line":7,"column":46}},"4":{"start":{"line":8,"column":2},"end":{"line":13,"column":3}},"5":{"start":{"line":9,"column":4},"end":{"line":9,"column":38}},"6":{"start":{"line":11,"column":7},"end":{"line":13,"column":3}},"7":{"start":{"line":12,"column":4},"end":{"line":12,"column":28}},"8":{"start":{"line":15,"column":2},"end":{"line":17,"column":3}},"9":{"start":{"line":16,"column":4},"end":{"line":16,"column":66}},"10":{"start":{"line":19,"column":2},"end":{"line":25,"column":3}},"11":{"start":{"line":20,"column":20},"end":{"line":20,"column":61}},"12":{"start":{"line":21,"column":4},"end":{"line":21,"column":26}},"13":{"start":{"line":22,"column":4},"end":{"line":22,"column":18}},"14":{"start":{"line":24,"column":4},"end":{"line":24,"column":73}},"15":{"start":{"line":29,"column":2},"end":{"line":34,"column":4}},"16":{"start":{"line":30,"column":4},"end":{"line":32,"column":5}},"17":{"start":{"line":31,"column":6},"end":{"line":31,"column":86}},"18":{"start":{"line":33,"column":4},"end":{"line":33,"column":18}},"19":{"start":{"line":38,"column":2},"end":{"line":67,"column":4}},"20":{"start":{"line":39,"column":4},"end":{"line":66,"column":5}},"21":{"start":{"line":40,"column":24},"end":{"line":40,"column":38}},"22":{"start":{"line":42,"column":22},"end":{"line":53,"column":8}},"23":{"start":{"line":55,"column":27},"end":{"line":57,"column":7}},"24":{"start":{"line":56,"column":15},"end":{"line":56,"column":55}},"25":{"start":{"line":59,"column":6},"end":{"line":61,"column":7}},"26":{"start":{"line":60,"column":8},"end":{"line":60,"column":89}},"27":{"start":{"line":63,"column":6},"end":{"line":63,"column":13}},"28":{"start":{"line":65,"column":6},"end":{"line":65,"column":78}},"29":{"start":{"line":71,"column":0},"end":{"line":71,"column":63}}},"fnMap":{"0":{"name":"autenticar","decl":{"start":{"line":4,"column":9},"end":{"line":4,"column":19}},"loc":{"start":{"line":4,"column":36},"end":{"line":26,"column":1}},"line":4},"1":{"name":"autorizar","decl":{"start":{"line":28,"column":9},"end":{"line":28,"column":18}},"loc":{"start":{"line":28,"column":41},"end":{"line":35,"column":1}},"line":28},"2":{"name":"(anonymous_2)","decl":{"start":{"line":29,"column":9},"end":{"line":29,"column":10}},"loc":{"start":{"line":29,"column":29},"end":{"line":34,"column":3}},"line":29},"3":{"name":"verificarPermissao","decl":{"start":{"line":37,"column":9},"end":{"line":37,"column":27}},"loc":{"start":{"line":37,"column":48},"end":{"line":68,"column":1}},"line":37},"4":{"name":"(anonymous_4)","decl":{"start":{"line":38,"column":9},"end":{"line":38,"column":10}},"loc":{"start":{"line":38,"column":35},"end":{"line":67,"column":3}},"line":38},"5":{"name":"(anonymous_5)","decl":{"start":{"line":56,"column":8},"end":{"line":56,"column":9}},"loc":{"start":{"line":56,"column":15},"end":{"line":56,"column":55}},"line":56}},"branchMap":{"0":{"loc":{"start":{"line":8,"column":2},"end":{"line":13,"column":3}},"type":"if","locations":[{"start":{"line":8,"column":2},"end":{"line":13,"column":3}},{"start":{"line":11,"column":7},"end":{"line":13,"column":3}}],"line":8},"1":{"loc":{"start":{"line":11,"column":7},"end":{"line":13,"column":3}},"type":"if","locations":[{"start":{"line":11,"column":7},"end":{"line":13,"column":3}},{"start":{},"end":{}}],"line":11},"2":{"loc":{"start":{"line":15,"column":2},"end":{"line":17,"column":3}},"type":"if","locations":[{"start":{"line":15,"column":2},"end":{"line":17,"column":3}},{"start":{},"end":{}}],"line":15},"3":{"loc":{"start":{"line":28,"column":19},"end":{"line":28,"column":39}},"type":"default-arg","locations":[{"start":{"line":28,"column":37},"end":{"line":28,"column":39}}],"line":28},"4":{"loc":{"start":{"line":30,"column":4},"end":{"line":32,"column":5}},"type":"if","locations":[{"start":{"line":30,"column":4},"end":{"line":32,"column":5}},{"start":{},"end":{}}],"line":30},"5":{"loc":{"start":{"line":30,"column":8},"end":{"line":30,"column":67}},"type":"binary-expr","locations":[{"start":{"line":30,"column":8},"end":{"line":30,"column":20}},{"start":{"line":30,"column":24},"end":{"line":30,"column":67}}],"line":30},"6":{"loc":{"start":{"line":59,"column":6},"end":{"line":61,"column":7}},"type":"if","locations":[{"start":{"line":59,"column":6},"end":{"line":61,"column":7}},{"start":{},"end":{}}],"line":59},"7":{"loc":{"start":{"line":59,"column":10},"end":{"line":59,"column":58}},"type":"binary-expr","locations":[{"start":{"line":59,"column":10},"end":{"line":59,"column":23}},{"start":{"line":59,"column":27},"end":{"line":59,"column":58}}],"line":59}},"s":{"0":4,"1":4,"2":6,"3":6,"4":6,"5":3,"6":3,"7":1,"8":6,"9":2,"10":4,"11":4,"12":3,"13":3,"14":1,"15":17,"16":3,"17":2,"18":1,"19":3,"20":3,"21":3,"22":3,"23":2,"24":1,"25":2,"26":1,"27":1,"28":1,"29":4},"f":{"0":6,"1":17,"2":3,"3":3,"4":3,"5":1},"b":{"0":[3,3],"1":[1,2],"2":[2,4],"3":[0],"4":[2,1],"5":[3,3],"6":[1,1],"7":[2,2]},"_coverageSchema":"1a1c01bbd47fc00a2c39e90264f33305004495a9","hash":"a1e471a786de11a20046ec12eedb482ea2d0b688"}
,"C:\\Users\\luiz.silva\\OneDrive\\Área de Trabalho\\tickets\\scp\\bff-chamados\\src\\middlewares\\upload.js": {"path":"C:\\Users\\luiz.silva\\OneDrive\\Área de Trabalho\\tickets\\scp\\bff-chamados\\src\\middlewares\\upload.js","statementMap":{"0":{"start":{"line":1,"column":15},"end":{"line":1,"column":32}},"1":{"start":{"line":2,"column":13},"end":{"line":2,"column":28}},"2":{"start":{"line":3,"column":15},"end":{"line":3,"column":32}},"3":{"start":{"line":4,"column":11},"end":{"line":4,"column":24}},"4":{"start":{"line":6,"column":18},"end":{"line":6,"column":55}},"5":{"start":{"line":7,"column":0},"end":{"line":9,"column":1}},"6":{"start":{"line":8,"column":2},"end":{"line":8,"column":47}},"7":{"start":{"line":11,"column":16},"end":{"line":20,"column":2}},"8":{"start":{"line":13,"column":4},"end":{"line":13,"column":24}},"9":{"start":{"line":16,"column":25},"end":{"line":16,"column":81}},"10":{"start":{"line":17,"column":16},"end":{"line":17,"column":47}},"11":{"start":{"line":18,"column":4},"end":{"line":18,"column":38}},"12":{"start":{"line":22,"column":19},"end":{"line":28,"column":1}},"13":{"start":{"line":23,"column":2},"end":{"line":27,"column":3}},"14":{"start":{"line":24,"column":4},"end":{"line":24,"column":19}},"15":{"start":{"line":26,"column":4},"end":{"line":26,"column":79}},"16":{"start":{"line":30,"column":15},"end":{"line":34,"column":2}},"17":{"start":{"line":36,"column":0},"end":{"line":36,"column":24}}},"fnMap":{"0":{"name":"(anonymous_0)","decl":{"start":{"line":12,"column":15},"end":{"line":12,"column":16}},"loc":{"start":{"line":12,"column":34},"end":{"line":14,"column":3}},"line":12},"1":{"name":"(anonymous_1)","decl":{"start":{"line":15,"column":12},"end":{"line":15,"column":13}},"loc":{"start":{"line":15,"column":31},"end":{"line":19,"column":3}},"line":15},"2":{"name":"(anonymous_2)","decl":{"start":{"line":22,"column":19},"end":{"line":22,"column":20}},"loc":{"start":{"line":22,"column":38},"end":{"line":28,"column":1}},"line":22}},"branchMap":{"0":{"loc":{"start":{"line":7,"column":0},"end":{"line":9,"column":1}},"type":"if","locations":[{"start":{"line":7,"column":0},"end":{"line":9,"column":1}},{"start":{},"end":{}}],"line":7},"1":{"loc":{"start":{"line":23,"column":2},"end":{"line":27,"column":3}},"type":"if","locations":[{"start":{"line":23,"column":2},"end":{"line":27,"column":3}},{"start":{"line":25,"column":9},"end":{"line":27,"column":3}}],"line":23},"2":{"loc":{"start":{"line":23,"column":6},"end":{"line":23,"column":78}},"type":"binary-expr","locations":[{"start":{"line":23,"column":6},"end":{"line":23,"column":40}},{"start":{"line":23,"column":44},"end":{"line":23,"column":78}}],"line":23}},"s":{"0":5,"1":5,"2":5,"3":5,"4":5,"5":5,"6":1,"7":5,"8":1,"9":1,"10":1,"11":1,"12":5,"13":2,"14":1,"15":1,"16":5,"17":5},"f":{"0":1,"1":1,"2":2},"b":{"0":[1,4],"1":[1,1],"2":[2,1]},"_coverageSchema":"1a1c01bbd47fc00a2c39e90264f33305004495a9","hash":"0a122c257d74e52131d2dda92d08844705c95d97"}
,"C:\\Users\\luiz.silva\\OneDrive\\Área de Trabalho\\tickets\\scp\\bff-chamados\\src\\repositories\\auditoriaRepository.js": {"path":"C:\\Users\\luiz.silva\\OneDrive\\Área de Trabalho\\tickets\\scp\\bff-chamados\\src\\repositories\\auditoriaRepository.js","statementMap":{"0":{"start":{"line":1,"column":15},"end":{"line":1,"column":42}},"1":{"start":{"line":5,"column":4},"end":{"line":14,"column":7}},"2":{"start":{"line":18,"column":17},"end":{"line":18,"column":35}},"3":{"start":{"line":20,"column":18},"end":{"line":26,"column":10}},"4":{"start":{"line":28,"column":27},"end":{"line":39,"column":6}},"5":{"start":{"line":41,"column":4},"end":{"line":41,"column":98}},"6":{"start":{"line":45,"column":0},"end":{"line":45,"column":43}}},"fnMap":{"0":{"name":"(anonymous_0)","decl":{"start":{"line":4,"column":2},"end":{"line":4,"column":3}},"loc":{"start":{"line":4,"column":87},"end":{"line":15,"column":3}},"line":4},"1":{"name":"(anonymous_1)","decl":{"start":{"line":17,"column":2},"end":{"line":17,"column":3}},"loc":{"start":{"line":17,"column":57},"end":{"line":42,"column":3}},"line":17}},"branchMap":{"0":{"loc":{"start":{"line":7,"column":20},"end":{"line":7,"column":58}},"type":"cond-expr","locations":[{"start":{"line":7,"column":33},"end":{"line":7,"column":51}},{"start":{"line":7,"column":54},"end":{"line":7,"column":58}}],"line":7},"1":{"loc":{"start":{"line":11,"column":23},"end":{"line":11,"column":44}},"type":"binary-expr","locations":[{"start":{"line":11,"column":23},"end":{"line":11,"column":36}},{"start":{"line":11,"column":40},"end":{"line":11,"column":44}}],"line":11},"2":{"loc":{"start":{"line":12,"column":21},"end":{"line":12,"column":40}},"type":"binary-expr","locations":[{"start":{"line":12,"column":21},"end":{"line":12,"column":32}},{"start":{"line":12,"column":36},"end":{"line":12,"column":40}}],"line":12},"3":{"loc":{"start":{"line":17,"column":23},"end":{"line":17,"column":31}},"type":"default-arg","locations":[{"start":{"line":17,"column":30},"end":{"line":17,"column":31}}],"line":17},"4":{"loc":{"start":{"line":17,"column":33},"end":{"line":17,"column":43}},"type":"default-arg","locations":[{"start":{"line":17,"column":41},"end":{"line":17,"column":43}}],"line":17},"5":{"loc":{"start":{"line":17,"column":45},"end":{"line":17,"column":55}},"type":"default-arg","locations":[{"start":{"line":17,"column":53},"end":{"line":17,"column":55}}],"line":17},"6":{"loc":{"start":{"line":20,"column":18},"end":{"line":26,"column":10}},"type":"cond-expr","locations":[{"start":{"line":20,"column":26},"end":{"line":26,"column":5}},{"start":{"line":26,"column":8},"end":{"line":26,"column":10}}],"line":20},"7":{"loc":{"start":{"line":41,"column":39},"end":{"line":41,"column":68}},"type":"binary-expr","locations":[{"start":{"line":41,"column":39},"end":{"line":41,"column":63}},{"start":{"line":41,"column":67},"end":{"line":41,"column":68}}],"line":41}},"s":{"0":18,"1":1,"2":3,"3":3,"4":3,"5":3,"6":18},"f":{"0":1,"1":3},"b":{"0":[1,0],"1":[1,1],"2":[1,0],"3":[0],"4":[0],"5":[0],"6":[1,2],"7":[3,2]},"_coverageSchema":"1a1c01bbd47fc00a2c39e90264f33305004495a9","hash":"a9b7b18b5c6aa719504d0e8eec49c28319fbbbef"}
,"C:\\Users\\luiz.silva\\OneDrive\\Área de Trabalho\\tickets\\scp\\bff-chamados\\src\\repositories\\permissaoRepository.js": {"path":"C:\\Users\\luiz.silva\\OneDrive\\Área de Trabalho\\tickets\\scp\\bff-chamados\\src\\repositories\\permissaoRepository.js","statementMap":{"0":{"start":{"line":1,"column":15},"end":{"line":1,"column":42}},"1":{"start":{"line":5,"column":4},"end":{"line":12,"column":7}},"2":{"start":{"line":16,"column":4},"end":{"line":29,"column":7}},"3":{"start":{"line":33,"column":4},"end":{"line":40,"column":7}},"4":{"start":{"line":44,"column":4},"end":{"line":51,"column":7}},"5":{"start":{"line":55,"column":22},"end":{"line":70,"column":5}},"6":{"start":{"line":56,"column":6},"end":{"line":69,"column":8}},"7":{"start":{"line":71,"column":4},"end":{"line":71,"column":48}},"8":{"start":{"line":75,"column":0},"end":{"line":75,"column":43}}},"fnMap":{"0":{"name":"(anonymous_0)","decl":{"start":{"line":4,"column":2},"end":{"line":4,"column":3}},"loc":{"start":{"line":4,"column":46},"end":{"line":13,"column":3}},"line":4},"1":{"name":"(anonymous_1)","decl":{"start":{"line":15,"column":2},"end":{"line":15,"column":3}},"loc":{"start":{"line":15,"column":49},"end":{"line":30,"column":3}},"line":15},"2":{"name":"(anonymous_2)","decl":{"start":{"line":32,"column":2},"end":{"line":32,"column":3}},"loc":{"start":{"line":32,"column":43},"end":{"line":41,"column":3}},"line":32},"3":{"name":"(anonymous_3)","decl":{"start":{"line":43,"column":2},"end":{"line":43,"column":3}},"loc":{"start":{"line":43,"column":61},"end":{"line":52,"column":3}},"line":43},"4":{"name":"(anonymous_4)","decl":{"start":{"line":54,"column":2},"end":{"line":54,"column":3}},"loc":{"start":{"line":54,"column":57},"end":{"line":72,"column":3}},"line":54},"5":{"name":"(anonymous_5)","decl":{"start":{"line":55,"column":38},"end":{"line":55,"column":39}},"loc":{"start":{"line":56,"column":6},"end":{"line":69,"column":8}},"line":56}},"branchMap":{},"s":{"0":9,"1":1,"2":1,"3":1,"4":1,"5":1,"6":2,"7":1,"8":9},"f":{"0":1,"1":1,"2":1,"3":1,"4":1,"5":2},"b":{},"_coverageSchema":"1a1c01bbd47fc00a2c39e90264f33305004495a9","hash":"be585aada30dec65a00f8a2bb9501d3230fec6c7"}
,"C:\\Users\\luiz.silva\\OneDrive\\Área de Trabalho\\tickets\\scp\\bff-chamados\\src\\repositories\\procedimentoRepository.js": {"path":"C:\\Users\\luiz.silva\\OneDrive\\Área de Trabalho\\tickets\\scp\\bff-chamados\\src\\repositories\\procedimentoRepository.js","statementMap":{"0":{"start":{"line":1,"column":15},"end":{"line":1,"column":42}},"1":{"start":{"line":5,"column":23},"end":{"line":5,"column":40}},"2":{"start":{"line":6,"column":24},"end":{"line":6,"column":43}},"3":{"start":{"line":7,"column":17},"end":{"line":7,"column":47}},"4":{"start":{"line":9,"column":23},"end":{"line":14,"column":10}},"5":{"start":{"line":16,"column":21},"end":{"line":16,"column":110}},"6":{"start":{"line":17,"column":20},"end":{"line":17,"column":40}},"7":{"start":{"line":19,"column":25},"end":{"line":19,"column":27}},"8":{"start":{"line":21,"column":4},"end":{"line":30,"column":5}},"9":{"start":{"line":22,"column":24},"end":{"line":22,"column":54}},"10":{"start":{"line":23,"column":6},"end":{"line":29,"column":8}},"11":{"start":{"line":32,"column":18},"end":{"line":37,"column":5}},"12":{"start":{"line":39,"column":27},"end":{"line":53,"column":6}},"13":{"start":{"line":55,"column":4},"end":{"line":55,"column":28}},"14":{"start":{"line":59,"column":4},"end":{"line":68,"column":7}},"15":{"start":{"line":72,"column":4},"end":{"line":81,"column":7}},"16":{"start":{"line":85,"column":4},"end":{"line":85,"column":61}},"17":{"start":{"line":89,"column":4},"end":{"line":89,"column":75}},"18":{"start":{"line":93,"column":4},"end":{"line":93,"column":71}},"19":{"start":{"line":97,"column":4},"end":{"line":112,"column":7}},"20":{"start":{"line":116,"column":4},"end":{"line":118,"column":7}},"21":{"start":{"line":122,"column":4},"end":{"line":124,"column":7}},"22":{"start":{"line":128,"column":0},"end":{"line":128,"column":46}}},"fnMap":{"0":{"name":"(anonymous_0)","decl":{"start":{"line":4,"column":2},"end":{"line":4,"column":3}},"loc":{"start":{"line":4,"column":63},"end":{"line":56,"column":3}},"line":4},"1":{"name":"(anonymous_1)","decl":{"start":{"line":58,"column":2},"end":{"line":58,"column":3}},"loc":{"start":{"line":58,"column":24},"end":{"line":69,"column":3}},"line":58},"2":{"name":"(anonymous_2)","decl":{"start":{"line":71,"column":2},"end":{"line":71,"column":3}},"loc":{"start":{"line":71,"column":23},"end":{"line":82,"column":3}},"line":71},"3":{"name":"(anonymous_3)","decl":{"start":{"line":84,"column":2},"end":{"line":84,"column":3}},"loc":{"start":{"line":84,"column":21},"end":{"line":86,"column":3}},"line":84},"4":{"name":"(anonymous_4)","decl":{"start":{"line":88,"column":2},"end":{"line":88,"column":3}},"loc":{"start":{"line":88,"column":20},"end":{"line":90,"column":3}},"line":88},"5":{"name":"(anonymous_5)","decl":{"start":{"line":92,"column":2},"end":{"line":92,"column":3}},"loc":{"start":{"line":92,"column":31},"end":{"line":94,"column":3}},"line":92},"6":{"name":"(anonymous_6)","decl":{"start":{"line":96,"column":2},"end":{"line":96,"column":3}},"loc":{"start":{"line":96,"column":29},"end":{"line":113,"column":3}},"line":96},"7":{"name":"(anonymous_7)","decl":{"start":{"line":115,"column":2},"end":{"line":115,"column":3}},"loc":{"start":{"line":115,"column":33},"end":{"line":119,"column":3}},"line":115},"8":{"name":"(anonymous_8)","decl":{"start":{"line":121,"column":2},"end":{"line":121,"column":3}},"loc":{"start":{"line":121,"column":30},"end":{"line":125,"column":3}},"line":121}},"branchMap":{"0":{"loc":{"start":{"line":4,"column":24},"end":{"line":4,"column":32}},"type":"default-arg","locations":[{"start":{"line":4,"column":31},"end":{"line":4,"column":32}}],"line":4},"1":{"loc":{"start":{"line":4,"column":34},"end":{"line":4,"column":44}},"type":"default-arg","locations":[{"start":{"line":4,"column":42},"end":{"line":4,"column":44}}],"line":4},"2":{"loc":{"start":{"line":5,"column":23},"end":{"line":5,"column":40}},"type":"binary-expr","locations":[{"start":{"line":5,"column":23},"end":{"line":5,"column":35}},{"start":{"line":5,"column":39},"end":{"line":5,"column":40}}],"line":5},"3":{"loc":{"start":{"line":6,"column":24},"end":{"line":6,"column":43}},"type":"binary-expr","locations":[{"start":{"line":6,"column":24},"end":{"line":6,"column":37}},{"start":{"line":6,"column":41},"end":{"line":6,"column":43}}],"line":6},"4":{"loc":{"start":{"line":9,"column":23},"end":{"line":14,"column":10}},"type":"cond-expr","locations":[{"start":{"line":9,"column":31},"end":{"line":14,"column":5}},{"start":{"line":14,"column":8},"end":{"line":14,"column":10}}],"line":9},"5":{"loc":{"start":{"line":16,"column":21},"end":{"line":16,"column":110}},"type":"cond-expr","locations":[{"start":{"line":16,"column":63},"end":{"line":16,"column":88}},{"start":{"line":16,"column":91},"end":{"line":16,"column":110}}],"line":16},"6":{"loc":{"start":{"line":21,"column":4},"end":{"line":30,"column":5}},"type":"if","locations":[{"start":{"line":21,"column":4},"end":{"line":30,"column":5}},{"start":{},"end":{}}],"line":21},"7":{"loc":{"start":{"line":22,"column":31},"end":{"line":22,"column":53}},"type":"binary-expr","locations":[{"start":{"line":22,"column":31},"end":{"line":22,"column":48}},{"start":{"line":22,"column":52},"end":{"line":22,"column":53}}],"line":22}},"s":{"0":7,"1":4,"2":4,"3":4,"4":4,"5":4,"6":4,"7":4,"8":4,"9":2,"10":2,"11":4,"12":4,"13":4,"14":1,"15":4,"16":1,"17":1,"18":1,"19":1,"20":0,"21":1,"22":7},"f":{"0":4,"1":1,"2":4,"3":1,"4":1,"5":1,"6":1,"7":0,"8":1},"b":{"0":[2],"1":[2],"2":[4,0],"3":[4,0],"4":[1,3],"5":[1,3],"6":[2,2],"7":[2,1]},"_coverageSchema":"1a1c01bbd47fc00a2c39e90264f33305004495a9","hash":"09e27603786cc26805c47c549cf054d0ded99cca"}
,"C:\\Users\\luiz.silva\\OneDrive\\Área de Trabalho\\tickets\\scp\\bff-chamados\\src\\repositories\\ssoRepository.js": {"path":"C:\\Users\\luiz.silva\\OneDrive\\Área de Trabalho\\tickets\\scp\\bff-chamados\\src\\repositories\\ssoRepository.js","statementMap":{"0":{"start":{"line":1,"column":15},"end":{"line":1,"column":42}},"1":{"start":{"line":5,"column":4},"end":{"line":15,"column":6}},"2":{"start":{"line":19,"column":4},"end":{"line":22,"column":7}},"3":{"start":{"line":26,"column":4},"end":{"line":29,"column":7}},"4":{"start":{"line":33,"column":4},"end":{"line":37,"column":7}},"5":{"start":{"line":41,"column":4},"end":{"line":50,"column":7}},"6":{"start":{"line":54,"column":4},"end":{"line":56,"column":7}},"7":{"start":{"line":60,"column":4},"end":{"line":67,"column":7}},"8":{"start":{"line":71,"column":18},"end":{"line":73,"column":6}},"9":{"start":{"line":74,"column":4},"end":{"line":74,"column":21}},"10":{"start":{"line":78,"column":4},"end":{"line":80,"column":7}},"11":{"start":{"line":84,"column":4},"end":{"line":90,"column":7}},"12":{"start":{"line":94,"column":4},"end":{"line":96,"column":7}},"13":{"start":{"line":100,"column":17},"end":{"line":100,"column":35}},"14":{"start":{"line":102,"column":18},"end":{"line":104,"column":10}},"15":{"start":{"line":106,"column":27},"end":{"line":114,"column":6}},"16":{"start":{"line":116,"column":4},"end":{"line":121,"column":6}},"17":{"start":{"line":125,"column":0},"end":{"line":125,"column":37}}},"fnMap":{"0":{"name":"(anonymous_0)","decl":{"start":{"line":4,"column":2},"end":{"line":4,"column":3}},"loc":{"start":{"line":4,"column":31},"end":{"line":16,"column":3}},"line":4},"1":{"name":"(anonymous_1)","decl":{"start":{"line":18,"column":2},"end":{"line":18,"column":3}},"loc":{"start":{"line":18,"column":30},"end":{"line":23,"column":3}},"line":18},"2":{"name":"(anonymous_2)","decl":{"start":{"line":25,"column":2},"end":{"line":25,"column":3}},"loc":{"start":{"line":25,"column":30},"end":{"line":30,"column":3}},"line":25},"3":{"name":"(anonymous_3)","decl":{"start":{"line":32,"column":2},"end":{"line":32,"column":3}},"loc":{"start":{"line":32,"column":40},"end":{"line":38,"column":3}},"line":32},"4":{"name":"(anonymous_4)","decl":{"start":{"line":40,"column":2},"end":{"line":40,"column":3}},"loc":{"start":{"line":40,"column":56},"end":{"line":51,"column":3}},"line":40},"5":{"name":"(anonymous_5)","decl":{"start":{"line":53,"column":2},"end":{"line":53,"column":3}},"loc":{"start":{"line":53,"column":32},"end":{"line":57,"column":3}},"line":53},"6":{"name":"(anonymous_6)","decl":{"start":{"line":59,"column":2},"end":{"line":59,"column":3}},"loc":{"start":{"line":59,"column":47},"end":{"line":68,"column":3}},"line":59},"7":{"name":"(anonymous_7)","decl":{"start":{"line":70,"column":2},"end":{"line":70,"column":3}},"loc":{"start":{"line":70,"column":42},"end":{"line":75,"column":3}},"line":70},"8":{"name":"(anonymous_8)","decl":{"start":{"line":77,"column":2},"end":{"line":77,"column":3}},"loc":{"start":{"line":77,"column":23},"end":{"line":81,"column":3}},"line":77},"9":{"name":"(anonymous_9)","decl":{"start":{"line":83,"column":2},"end":{"line":83,"column":3}},"loc":{"start":{"line":83,"column":26},"end":{"line":91,"column":3}},"line":83},"10":{"name":"(anonymous_10)","decl":{"start":{"line":93,"column":2},"end":{"line":93,"column":3}},"loc":{"start":{"line":93,"column":25},"end":{"line":97,"column":3}},"line":93},"11":{"name":"(anonymous_11)","decl":{"start":{"line":99,"column":2},"end":{"line":99,"column":3}},"loc":{"start":{"line":99,"column":57},"end":{"line":122,"column":3}},"line":99}},"branchMap":{"0":{"loc":{"start":{"line":99,"column":23},"end":{"line":99,"column":31}},"type":"default-arg","locations":[{"start":{"line":99,"column":30},"end":{"line":99,"column":31}}],"line":99},"1":{"loc":{"start":{"line":99,"column":33},"end":{"line":99,"column":43}},"type":"default-arg","locations":[{"start":{"line":99,"column":41},"end":{"line":99,"column":43}}],"line":99},"2":{"loc":{"start":{"line":99,"column":45},"end":{"line":99,"column":55}},"type":"default-arg","locations":[{"start":{"line":99,"column":53},"end":{"line":99,"column":55}}],"line":99},"3":{"loc":{"start":{"line":102,"column":18},"end":{"line":104,"column":10}},"type":"cond-expr","locations":[{"start":{"line":102,"column":26},"end":{"line":104,"column":5}},{"start":{"line":104,"column":8},"end":{"line":104,"column":10}}],"line":102},"4":{"loc":{"start":{"line":119,"column":18},"end":{"line":119,"column":47}},"type":"binary-expr","locations":[{"start":{"line":119,"column":18},"end":{"line":119,"column":42}},{"start":{"line":119,"column":46},"end":{"line":119,"column":47}}],"line":119}},"s":{"0":7,"1":5,"2":2,"3":0,"4":1,"5":2,"6":0,"7":1,"8":1,"9":1,"10":0,"11":0,"12":1,"13":3,"14":3,"15":3,"16":3,"17":7},"f":{"0":5,"1":2,"2":0,"3":1,"4":2,"5":0,"6":1,"7":1,"8":0,"9":0,"10":1,"11":3},"b":{"0":[1],"1":[1],"2":[1],"3":[1,2],"4":[3,2]},"_coverageSchema":"1a1c01bbd47fc00a2c39e90264f33305004495a9","hash":"3f26230e49d1d673124c99841db145a867a8f20c"}
,"C:\\Users\\luiz.silva\\OneDrive\\Área de Trabalho\\tickets\\scp\\bff-chamados\\src\\repositories\\usuarioRepository.js": {"path":"C:\\Users\\luiz.silva\\OneDrive\\Área de Trabalho\\tickets\\scp\\bff-chamados\\src\\repositories\\usuarioRepository.js","statementMap":{"0":{"start":{"line":1,"column":15},"end":{"line":1,"column":42}},"1":{"start":{"line":5,"column":4},"end":{"line":10,"column":7}},"2":{"start":{"line":14,"column":4},"end":{"line":27,"column":7}},"3":{"start":{"line":31,"column":4},"end":{"line":33,"column":7}},"4":{"start":{"line":37,"column":4},"end":{"line":48,"column":7}},"5":{"start":{"line":52,"column":4},"end":{"line":52,"column":40}},"6":{"start":{"line":56,"column":4},"end":{"line":62,"column":7}},"7":{"start":{"line":66,"column":4},"end":{"line":79,"column":7}},"8":{"start":{"line":83,"column":4},"end":{"line":98,"column":7}},"9":{"start":{"line":102,"column":4},"end":{"line":115,"column":7}},"10":{"start":{"line":119,"column":4},"end":{"line":128,"column":7}},"11":{"start":{"line":132,"column":4},"end":{"line":143,"column":7}},"12":{"start":{"line":147,"column":4},"end":{"line":150,"column":7}},"13":{"start":{"line":154,"column":4},"end":{"line":166,"column":7}},"14":{"start":{"line":170,"column":17},"end":{"line":170,"column":35}},"15":{"start":{"line":172,"column":18},"end":{"line":177,"column":10}},"16":{"start":{"line":179,"column":27},"end":{"line":196,"column":6}},"17":{"start":{"line":198,"column":4},"end":{"line":203,"column":6}},"18":{"start":{"line":207,"column":0},"end":{"line":207,"column":41}}},"fnMap":{"0":{"name":"(anonymous_0)","decl":{"start":{"line":4,"column":2},"end":{"line":4,"column":3}},"loc":{"start":{"line":4,"column":30},"end":{"line":11,"column":3}},"line":4},"1":{"name":"(anonymous_1)","decl":{"start":{"line":13,"column":2},"end":{"line":13,"column":3}},"loc":{"start":{"line":13,"column":43},"end":{"line":28,"column":3}},"line":13},"2":{"name":"(anonymous_2)","decl":{"start":{"line":30,"column":2},"end":{"line":30,"column":3}},"loc":{"start":{"line":30,"column":32},"end":{"line":34,"column":3}},"line":30},"3":{"name":"(anonymous_3)","decl":{"start":{"line":36,"column":2},"end":{"line":36,"column":3}},"loc":{"start":{"line":36,"column":24},"end":{"line":49,"column":3}},"line":36},"4":{"name":"(anonymous_4)","decl":{"start":{"line":51,"column":2},"end":{"line":51,"column":3}},"loc":{"start":{"line":51,"column":25},"end":{"line":53,"column":3}},"line":51},"5":{"name":"(anonymous_5)","decl":{"start":{"line":55,"column":2},"end":{"line":55,"column":3}},"loc":{"start":{"line":55,"column":23},"end":{"line":63,"column":3}},"line":55},"6":{"name":"(anonymous_6)","decl":{"start":{"line":65,"column":2},"end":{"line":65,"column":3}},"loc":{"start":{"line":65,"column":37},"end":{"line":80,"column":3}},"line":65},"7":{"name":"(anonymous_7)","decl":{"start":{"line":82,"column":2},"end":{"line":82,"column":3}},"loc":{"start":{"line":82,"column":21},"end":{"line":99,"column":3}},"line":82},"8":{"name":"(anonymous_8)","decl":{"start":{"line":101,"column":2},"end":{"line":101,"column":3}},"loc":{"start":{"line":101,"column":22},"end":{"line":116,"column":3}},"line":101},"9":{"name":"(anonymous_9)","decl":{"start":{"line":118,"column":2},"end":{"line":118,"column":3}},"loc":{"start":{"line":118,"column":34},"end":{"line":129,"column":3}},"line":118},"10":{"name":"(anonymous_10)","decl":{"start":{"line":131,"column":2},"end":{"line":131,"column":3}},"loc":{"start":{"line":131,"column":41},"end":{"line":144,"column":3}},"line":131},"11":{"name":"(anonymous_11)","decl":{"start":{"line":146,"column":2},"end":{"line":146,"column":3}},"loc":{"start":{"line":146,"column":37},"end":{"line":151,"column":3}},"line":146},"12":{"name":"(anonymous_12)","decl":{"start":{"line":153,"column":2},"end":{"line":153,"column":3}},"loc":{"start":{"line":153,"column":36},"end":{"line":167,"column":3}},"line":153},"13":{"name":"(anonymous_13)","decl":{"start":{"line":169,"column":2},"end":{"line":169,"column":3}},"loc":{"start":{"line":169,"column":57},"end":{"line":204,"column":3}},"line":169}},"branchMap":{"0":{"loc":{"start":{"line":169,"column":23},"end":{"line":169,"column":31}},"type":"default-arg","locations":[{"start":{"line":169,"column":30},"end":{"line":169,"column":31}}],"line":169},"1":{"loc":{"start":{"line":169,"column":33},"end":{"line":169,"column":43}},"type":"default-arg","locations":[{"start":{"line":169,"column":41},"end":{"line":169,"column":43}}],"line":169},"2":{"loc":{"start":{"line":169,"column":45},"end":{"line":169,"column":55}},"type":"default-arg","locations":[{"start":{"line":169,"column":53},"end":{"line":169,"column":55}}],"line":169},"3":{"loc":{"start":{"line":172,"column":18},"end":{"line":177,"column":10}},"type":"cond-expr","locations":[{"start":{"line":172,"column":26},"end":{"line":177,"column":5}},{"start":{"line":177,"column":8},"end":{"line":177,"column":10}}],"line":172}},"s":{"0":10,"1":1,"2":1,"3":1,"4":2,"5":0,"6":1,"7":1,"8":1,"9":1,"10":1,"11":0,"12":0,"13":1,"14":5,"15":5,"16":5,"17":5,"18":10},"f":{"0":1,"1":1,"2":1,"3":2,"4":0,"5":1,"6":1,"7":1,"8":1,"9":1,"10":0,"11":0,"12":1,"13":5},"b":{"0":[1],"1":[1],"2":[1],"3":[2,3]},"_coverageSchema":"1a1c01bbd47fc00a2c39e90264f33305004495a9","hash":"168e85760ae06cbdb20024efb64f47fafa9bf37c"}
,"C:\\Users\\luiz.silva\\OneDrive\\Área de Trabalho\\tickets\\scp\\bff-chamados\\src\\routes\\auditoria.js": {"path":"C:\\Users\\luiz.silva\\OneDrive\\Área de Trabalho\\tickets\\scp\\bff-chamados\\src\\routes\\auditoria.js","statementMap":{"0":{"start":{"line":1,"column":15},"end":{"line":1,"column":42}},"1":{"start":{"line":2,"column":28},"end":{"line":2,"column":73}},"2":{"start":{"line":3,"column":34},"end":{"line":3,"column":74}},"3":{"start":{"line":110,"column":0},"end":{"line":110,"column":102}},"4":{"start":{"line":110,"column":64},"end":{"line":110,"column":100}},"5":{"start":{"line":112,"column":0},"end":{"line":112,"column":24}}},"fnMap":{"0":{"name":"(anonymous_0)","decl":{"start":{"line":110,"column":50},"end":{"line":110,"column":51}},"loc":{"start":{"line":110,"column":64},"end":{"line":110,"column":100}},"line":110}},"branchMap":{},"s":{"0":4,"1":4,"2":4,"3":4,"4":1,"5":4},"f":{"0":1},"b":{},"_coverageSchema":"1a1c01bbd47fc00a2c39e90264f33305004495a9","hash":"e217b4c95fa2fb4fa986eb10ba270367d1fc461f"}
,"C:\\Users\\luiz.silva\\OneDrive\\Área de Trabalho\\tickets\\scp\\bff-chamados\\src\\routes\\auth.js": {"path":"C:\\Users\\luiz.silva\\OneDrive\\Área de Trabalho\\tickets\\scp\\bff-chamados\\src\\routes\\auth.js","statementMap":{"0":{"start":{"line":1,"column":15},"end":{"line":1,"column":42}},"1":{"start":{"line":2,"column":23},"end":{"line":2,"column":63}},"2":{"start":{"line":3,"column":22},"end":{"line":3,"column":61}},"3":{"start":{"line":4,"column":23},"end":{"line":4,"column":63}},"4":{"start":{"line":32,"column":0},"end":{"line":32,"column":68}},"5":{"start":{"line":32,"column":36},"end":{"line":32,"column":66}},"6":{"start":{"line":48,"column":0},"end":{"line":48,"column":73}},"7":{"start":{"line":48,"column":44},"end":{"line":48,"column":71}},"8":{"start":{"line":79,"column":0},"end":{"line":79,"column":84}},"9":{"start":{"line":79,"column":44},"end":{"line":79,"column":82}},"10":{"start":{"line":81,"column":0},"end":{"line":81,"column":83}},"11":{"start":{"line":81,"column":42},"end":{"line":81,"column":81}},"12":{"start":{"line":82,"column":0},"end":{"line":82,"column":83}},"13":{"start":{"line":82,"column":44},"end":{"line":82,"column":81}},"14":{"start":{"line":84,"column":0},"end":{"line":84,"column":24}}},"fnMap":{"0":{"name":"(anonymous_0)","decl":{"start":{"line":32,"column":22},"end":{"line":32,"column":23}},"loc":{"start":{"line":32,"column":36},"end":{"line":32,"column":66}},"line":32},"1":{"name":"(anonymous_1)","decl":{"start":{"line":48,"column":30},"end":{"line":48,"column":31}},"loc":{"start":{"line":48,"column":44},"end":{"line":48,"column":71}},"line":48},"2":{"name":"(anonymous_2)","decl":{"start":{"line":79,"column":30},"end":{"line":79,"column":31}},"loc":{"start":{"line":79,"column":44},"end":{"line":79,"column":82}},"line":79},"3":{"name":"(anonymous_3)","decl":{"start":{"line":81,"column":28},"end":{"line":81,"column":29}},"loc":{"start":{"line":81,"column":42},"end":{"line":81,"column":81}},"line":81},"4":{"name":"(anonymous_4)","decl":{"start":{"line":82,"column":30},"end":{"line":82,"column":31}},"loc":{"start":{"line":82,"column":44},"end":{"line":82,"column":81}},"line":82}},"branchMap":{},"s":{"0":4,"1":4,"2":4,"3":4,"4":4,"5":1,"6":4,"7":1,"8":4,"9":0,"10":4,"11":0,"12":4,"13":0,"14":4},"f":{"0":1,"1":1,"2":0,"3":0,"4":0},"b":{},"_coverageSchema":"1a1c01bbd47fc00a2c39e90264f33305004495a9","hash":"bf23326bc76a5b4031083a2d98a84dc6638eefb7"}
,"C:\\Users\\luiz.silva\\OneDrive\\Área de Trabalho\\tickets\\scp\\bff-chamados\\src\\routes\\health.js": {"path":"C:\\Users\\luiz.silva\\OneDrive\\Área de Trabalho\\tickets\\scp\\bff-chamados\\src\\routes\\health.js","statementMap":{"0":{"start":{"line":1,"column":16},"end":{"line":1,"column":34}},"1":{"start":{"line":2,"column":15},"end":{"line":2,"column":31}},"2":{"start":{"line":3,"column":15},"end":{"line":3,"column":42}},"3":{"start":{"line":47,"column":0},"end":{"line":64,"column":3}},"4":{"start":{"line":48,"column":2},"end":{"line":63,"column":3}},"5":{"start":{"line":49,"column":4},"end":{"line":49,"column":37}},"6":{"start":{"line":50,"column":4},"end":{"line":55,"column":7}},"7":{"start":{"line":57,"column":4},"end":{"line":62,"column":7}},"8":{"start":{"line":66,"column":0},"end":{"line":66,"column":24}}},"fnMap":{"0":{"name":"(anonymous_0)","decl":{"start":{"line":47,"column":16},"end":{"line":47,"column":17}},"loc":{"start":{"line":47,"column":36},"end":{"line":64,"column":1}},"line":47}},"branchMap":{},"s":{"0":4,"1":4,"2":4,"3":4,"4":1,"5":1,"6":1,"7":0,"8":4},"f":{"0":1},"b":{},"_coverageSchema":"1a1c01bbd47fc00a2c39e90264f33305004495a9","hash":"acf1e1fab8708bb49cd292daf75bb46830b3c1be"}
,"C:\\Users\\luiz.silva\\OneDrive\\Área de Trabalho\\tickets\\scp\\bff-chamados\\src\\routes\\procedimentoPermissoes.js": {"path":"C:\\Users\\luiz.silva\\OneDrive\\Área de Trabalho\\tickets\\scp\\bff-chamados\\src\\routes\\procedimentoPermissoes.js","statementMap":{"0":{"start":{"line":1,"column":16},"end":{"line":1,"column":34}},"1":{"start":{"line":2,"column":15},"end":{"line":2,"column":31}},"2":{"start":{"line":3,"column":19},"end":{"line":3,"column":64}},"3":{"start":{"line":4,"column":23},"end":{"line":4,"column":53}},"4":{"start":{"line":5,"column":23},"end":{"line":5,"column":63}},"5":{"start":{"line":66,"column":0},"end":{"line":66,"column":97}},"6":{"start":{"line":66,"column":68},"end":{"line":66,"column":95}},"7":{"start":{"line":67,"column":0},"end":{"line":67,"column":102}},"8":{"start":{"line":67,"column":69},"end":{"line":67,"column":100}},"9":{"start":{"line":98,"column":0},"end":{"line":98,"column":112}},"10":{"start":{"line":98,"column":82},"end":{"line":98,"column":110}},"11":{"start":{"line":100,"column":0},"end":{"line":100,"column":24}}},"fnMap":{"0":{"name":"(anonymous_0)","decl":{"start":{"line":66,"column":54},"end":{"line":66,"column":55}},"loc":{"start":{"line":66,"column":68},"end":{"line":66,"column":95}},"line":66},"1":{"name":"(anonymous_1)","decl":{"start":{"line":67,"column":55},"end":{"line":67,"column":56}},"loc":{"start":{"line":67,"column":69},"end":{"line":67,"column":100}},"line":67},"2":{"name":"(anonymous_2)","decl":{"start":{"line":98,"column":68},"end":{"line":98,"column":69}},"loc":{"start":{"line":98,"column":82},"end":{"line":98,"column":110}},"line":98}},"branchMap":{},"s":{"0":4,"1":4,"2":4,"3":4,"4":4,"5":4,"6":0,"7":4,"8":0,"9":4,"10":0,"11":4},"f":{"0":0,"1":0,"2":0},"b":{},"_coverageSchema":"1a1c01bbd47fc00a2c39e90264f33305004495a9","hash":"6bddce13bed383d96938b6d41ed78d1e6a4094bb"}
,"C:\\Users\\luiz.silva\\OneDrive\\Área de Trabalho\\tickets\\scp\\bff-chamados\\src\\routes\\procedimentos.js": {"path":"C:\\Users\\luiz.silva\\OneDrive\\Área de Trabalho\\tickets\\scp\\bff-chamados\\src\\routes\\procedimentos.js","statementMap":{"0":{"start":{"line":1,"column":16},"end":{"line":1,"column":34}},"1":{"start":{"line":2,"column":15},"end":{"line":2,"column":31}},"2":{"start":{"line":3,"column":31},"end":{"line":3,"column":79}},"3":{"start":{"line":4,"column":23},"end":{"line":4,"column":53}},"4":{"start":{"line":5,"column":15},"end":{"line":5,"column":47}},"5":{"start":{"line":6,"column":34},"end":{"line":6,"column":74}},"6":{"start":{"line":46,"column":0},"end":{"line":46,"column":59}},"7":{"start":{"line":47,"column":0},"end":{"line":47,"column":59}},"8":{"start":{"line":79,"column":0},"end":{"line":79,"column":66}},"9":{"start":{"line":80,"column":0},"end":{"line":80,"column":90}},"10":{"start":{"line":80,"column":48},"end":{"line":80,"column":88}},"11":{"start":{"line":108,"column":0},"end":{"line":108,"column":104}},"12":{"start":{"line":153,"column":0},"end":{"line":153,"column":89}},"13":{"start":{"line":153,"column":45},"end":{"line":153,"column":87}},"14":{"start":{"line":184,"column":0},"end":{"line":184,"column":83}},"15":{"start":{"line":186,"column":0},"end":{"line":186,"column":24}}},"fnMap":{"0":{"name":"(anonymous_0)","decl":{"start":{"line":80,"column":34},"end":{"line":80,"column":35}},"loc":{"start":{"line":80,"column":48},"end":{"line":80,"column":88}},"line":80},"1":{"name":"(anonymous_1)","decl":{"start":{"line":153,"column":31},"end":{"line":153,"column":32}},"loc":{"start":{"line":153,"column":45},"end":{"line":153,"column":87}},"line":153}},"branchMap":{},"s":{"0":4,"1":4,"2":4,"3":4,"4":4,"5":4,"6":4,"7":4,"8":4,"9":4,"10":1,"11":4,"12":4,"13":1,"14":4,"15":4},"f":{"0":1,"1":1},"b":{},"_coverageSchema":"1a1c01bbd47fc00a2c39e90264f33305004495a9","hash":"349c5706948b6428e60127388952416fcae88f8f"}
,"C:\\Users\\luiz.silva\\OneDrive\\Área de Trabalho\\tickets\\scp\\bff-chamados\\src\\routes\\sso.js": {"path":"C:\\Users\\luiz.silva\\OneDrive\\Área de Trabalho\\tickets\\scp\\bff-chamados\\src\\routes\\sso.js","statementMap":{"0":{"start":{"line":1,"column":16},"end":{"line":1,"column":34}},"1":{"start":{"line":2,"column":15},"end":{"line":2,"column":31}},"2":{"start":{"line":3,"column":22},"end":{"line":3,"column":61}},"3":{"start":{"line":4,"column":23},"end":{"line":4,"column":63}},"4":{"start":{"line":83,"column":0},"end":{"line":83,"column":50}},"5":{"start":{"line":112,"column":0},"end":{"line":112,"column":50}},"6":{"start":{"line":136,"column":0},"end":{"line":136,"column":57}},"7":{"start":{"line":138,"column":0},"end":{"line":138,"column":24}}},"fnMap":{},"branchMap":{},"s":{"0":4,"1":4,"2":4,"3":4,"4":4,"5":4,"6":4,"7":4},"f":{},"b":{},"_coverageSchema":"1a1c01bbd47fc00a2c39e90264f33305004495a9","hash":"71a07314bafec2d2ec1c725a94b35e47722c3007"}
,"C:\\Users\\luiz.silva\\OneDrive\\Área de Trabalho\\tickets\\scp\\bff-chamados\\src\\routes\\usuarios.js": {"path":"C:\\Users\\luiz.silva\\OneDrive\\Área de Trabalho\\tickets\\scp\\bff-chamados\\src\\routes\\usuarios.js","statementMap":{"0":{"start":{"line":1,"column":15},"end":{"line":1,"column":42}},"1":{"start":{"line":2,"column":26},"end":{"line":2,"column":69}},"2":{"start":{"line":3,"column":34},"end":{"line":3,"column":74}},"3":{"start":{"line":99,"column":0},"end":{"line":99,"column":112}},"4":{"start":{"line":99,"column":76},"end":{"line":99,"column":110}},"5":{"start":{"line":100,"column":0},"end":{"line":100,"column":100}},"6":{"start":{"line":100,"column":65},"end":{"line":100,"column":98}},"7":{"start":{"line":152,"column":0},"end":{"line":152,"column":106}},"8":{"start":{"line":152,"column":67},"end":{"line":152,"column":104}},"9":{"start":{"line":186,"column":0},"end":{"line":186,"column":120}},"10":{"start":{"line":186,"column":76},"end":{"line":186,"column":118}},"11":{"start":{"line":188,"column":0},"end":{"line":188,"column":24}}},"fnMap":{"0":{"name":"(anonymous_0)","decl":{"start":{"line":99,"column":62},"end":{"line":99,"column":63}},"loc":{"start":{"line":99,"column":76},"end":{"line":99,"column":110}},"line":99},"1":{"name":"(anonymous_1)","decl":{"start":{"line":100,"column":51},"end":{"line":100,"column":52}},"loc":{"start":{"line":100,"column":65},"end":{"line":100,"column":98}},"line":100},"2":{"name":"(anonymous_2)","decl":{"start":{"line":152,"column":53},"end":{"line":152,"column":54}},"loc":{"start":{"line":152,"column":67},"end":{"line":152,"column":104}},"line":152},"3":{"name":"(anonymous_3)","decl":{"start":{"line":186,"column":62},"end":{"line":186,"column":63}},"loc":{"start":{"line":186,"column":76},"end":{"line":186,"column":118}},"line":186}},"branchMap":{},"s":{"0":4,"1":4,"2":4,"3":4,"4":1,"5":4,"6":1,"7":4,"8":1,"9":4,"10":1,"11":4},"f":{"0":1,"1":1,"2":1,"3":1},"b":{},"_coverageSchema":"1a1c01bbd47fc00a2c39e90264f33305004495a9","hash":"de5e14298a09bddd5d20e27fecb66d2a8b0398ee"}
[...]
"line":120,"column":41},"end":{"line":120,"column":68}},"line":120},"9":{"name":"(anonymous_9)","decl":{"start":{"line":129,"column":2},"end":{"line":129,"column":3}},"loc":{"start":{"line":129,"column":64},"end":{"line":131,"column":3}},"line":129}},"branchMap":{"0":{"loc":{"start":{"line":9,"column":18},"end":{"line":9,"column":44}},"type":"binary-expr","locations":[{"start":{"line":9,"column":18},"end":{"line":9,"column":29}},{"start":{"line":9,"column":33},"end":{"line":9,"column":44}}],"line":9},"1":{"loc":{"start":{"line":10,"column":19},"end":{"line":10,"column":68}},"type":"binary-expr","locations":[{"start":{"line":10,"column":19},"end":{"line":10,"column":32}},{"start":{"line":10,"column":36},"end":{"line":10,"column":62}},{"start":{"line":10,"column":66},"end":{"line":10,"column":68}}],"line":10},"2":{"loc":{"start":{"line":11,"column":17},"end":{"line":11,"column":74}},"type":"binary-expr","locations":[{"start":{"line":11,"column":17},"end":{"line":11,"column":29}},{"start":{"line":11,"column":33},"end":{"line":11,"column":51}},{"start":{"line":11,"column":55},"end":{"line":11,"column":74}}],"line":11},"3":{"loc":{"start":{"line":13,"column":4},"end":{"line":15,"column":5}},"type":"if","locations":[{"start":{"line":13,"column":4},"end":{"line":15,"column":5}},{"start":{},"end":{}}],"line":13},"4":{"loc":{"start":{"line":13,"column":8},"end":{"line":13,"column":24}},"type":"binary-expr","locations":[{"start":{"line":13,"column":8},"end":{"line":13,"column":14}},{"start":{"line":13,"column":18},"end":{"line":13,"column":24}}],"line":13},"5":{"loc":{"start":{"line":20,"column":44},"end":{"line":20,"column":87}},"type":"binary-expr","locations":[{"start":{"line":20,"column":44},"end":{"line":20,"column":62}},{"start":{"line":20,"column":66},"end":{"line":20,"column":87}}],"line":20},"6":{"loc":{"start":{"line":21,"column":4},"end":{"line":23,"column":5}},"type":"if","locations":[{"start":{"line":21,"column":4},"end":{"line":23,"column":5}},{"start":{},"end":{}}],"line":21},"7":{"loc":{"start":{"line":25,"column":46},"end":{"line":25,"column":91}},"type":"binary-expr","locations":[{"start":{"line":25,"column":46},"end":{"line":25,"column":66}},{"start":{"line":25,"column":70},"end":{"line":25,"column":91}}],"line":25},"8":{"loc":{"start":{"line":26,"column":4},"end":{"line":28,"column":5}},"type":"if","locations":[{"start":{"line":26,"column":4},"end":{"line":28,"column":5}},{"start":{},"end":{}}],"line":26},"9":{"loc":{"start":{"line":32,"column":4},"end":{"line":37,"column":5}},"type":"if","locations":[{"start":{"line":32,"column":4},"end":{"line":37,"column":5}},{"start":{},"end":{}}],"line":32},"10":{"loc":{"start":{"line":34,"column":6},"end":{"line":36,"column":7}},"type":"if","locations":[{"start":{"line":34,"column":6},"end":{"line":36,"column":7}},{"start":{},"end":{}}],"line":34},"11":{"loc":{"start":{"line":41,"column":4},"end":{"line":48,"column":5}},"type":"if","locations":[{"start":{"line":41,"column":4},"end":{"line":48,"column":5}},{"start":{},"end":{}}],"line":41},"12":{"loc":{"start":{"line":43,"column":6},"end":{"line":47,"column":7}},"type":"if","locations":[{"start":{"line":43,"column":6},"end":{"line":47,"column":7}},{"start":{},"end":{}}],"line":43},"13":{"loc":{"start":{"line":50,"column":4},"end":{"line":55,"column":5}},"type":"if","locations":[{"start":{"line":50,"column":4},"end":{"line":55,"column":5}},{"start":{},"end":{}}],"line":50},"14":{"loc":{"start":{"line":51,"column":6},"end":{"line":53,"column":7}},"type":"if","locations":[{"start":{"line":51,"column":6},"end":{"line":53,"column":7}},{"start":{},"end":{}}],"line":51},"15":{"loc":{"start":{"line":59,"column":4},"end":{"line":61,"column":5}},"type":"if","locations":[{"start":{"line":59,"column":4},"end":{"line":61,"column":5}},{"start":{},"end":{}}],"line":59},"16":{"loc":{"start":{"line":78,"column":6},"end":{"line":78,"column":38}},"type":"if","locations":[{"start":{"line":78,"column":6},"end":{"line":78,"column":38}},{"start":{},"end":{}}],"line":78},"17":{"loc":{"start":{"line":92,"column":4},"end":{"line":94,"column":5}},"type":"if","locations":[{"start":{"line":92,"column":4},"end":{"line":94,"column":5}},{"start":{},"end":{}}],"line":92},"18":{"loc":{"start":{"line":92,"column":8},"end":{"line":92,"column":32}},"type":"binary-expr","locations":[{"start":{"line":92,"column":8},"end":{"line":92,"column":13}},{"start":{"line":92,"column":17},"end":{"line":92,"column":23}},{"start":{"line":92,"column":27},"end":{"line":92,"column":32}}],"line":92},"19":{"loc":{"start":{"line":109,"column":6},"end":{"line":111,"column":7}},"type":"if","locations":[{"start":{"line":109,"column":6},"end":{"line":111,"column":7}},{"start":{},"end":{}}],"line":109},"20":{"loc":{"start":{"line":117,"column":4},"end":{"line":117,"column":61}},"type":"if","locations":[{"start":{"line":117,"column":4},"end":{"line":117,"column":61}},{"start":{},"end":{}}],"line":117},"21":{"loc":{"start":{"line":129,"column":30},"end":{"line":129,"column":38}},"type":"default-arg","locations":[{"start":{"line":129,"column":37},"end":{"line":129,"column":38}}],"line":129},"22":{"loc":{"start":{"line":129,"column":40},"end":{"line":129,"column":50}},"type":"default-arg","locations":[{"start":{"line":129,"column":48},"end":{"line":129,"column":50}}],"line":129},"23":{"loc":{"start":{"line":129,"column":52},"end":{"line":129,"column":62}},"type":"default-arg","locations":[{"start":{"line":129,"column":60},"end":{"line":129,"column":62}}],"line":129}},"s":{"0":6,"1":6,"2":6,"3":9,"4":9,"5":9,"6":9,"7":9,"8":1,"9":8,"10":8,"11":8,"12":2,"13":8,"14":1,"15":7,"16":1,"17":7,"18":1,"19":6,"20":6,"21":1,"22":0,"23":1,"24":1,"25":5,"26":5,"27":3,"28":3,"29":1,"30":1,"31":1,"32":5,"33":3,"34":1,"35":2,"36":2,"37":2,"38":1,"39":1,"40":1,"41":1,"42":1,"43":1,"44":1,"45":1,"46":0,"47":1,"48":0,"49":3,"50":3,"51":1,"52":2,"53":2,"54":2,"55":1,"56":1,"57":1,"58":1,"59":0,"60":1,"61":0,"62":1,"63":1,"64":1,"65":1,"66":1,"67":1,"68":0,"69":6},"f":{"0":9,"1":2,"2":1,"3":0,"4":1,"5":0,"6":3,"7":1,"8":1,"9":0},"b":{"0":[9,1],"1":[9,1,1],"2":[9,1,1],"3":[1,8],"4":[9,8],"5":[2,1],"6":[1,7],"7":[1,1],"8":[1,6],"9":[1,5],"10":[1,0],"11":[3,2],"12":[1,2],"13":[3,2],"14":[1,2],"15":[1,1],"16":[1,0],"17":[1,2],"18":[3,3,2],"19":[1,0],"20":[0,1],"21":[0],"22":[0],"23":[0]},"_coverageSchema":"1a1c01bbd47fc00a2c39e90264f33305004495a9","hash":"8aa5f40543b35b80bb0858e571b4ce09c2c18d27"}
,"C:\\Users\\luiz.silva\\OneDrive\\Área de Trabalho\\tickets\\scp\\bff-chamados\\src\\services\\usuarioService.js": {"path":"C:\\Users\\luiz.silva\\OneDrive\\Área de Trabalho\\tickets\\scp\\bff-chamados\\src\\services\\usuarioService.js","statementMap":{"0":{"start":{"line":1,"column":15},"end":{"line":1,"column":34}},"1":{"start":{"line":2,"column":26},"end":{"line":2,"column":70}},"2":{"start":{"line":3,"column":25},"end":{"line":3,"column":54}},"3":{"start":{"line":7,"column":4},"end":{"line":11,"column":5}},"4":{"start":{"line":8,"column":20},"end":{"line":8,"column":108}},"5":{"start":{"line":9,"column":6},"end":{"line":9,"column":29}},"6":{"start":{"line":10,"column":6},"end":{"line":10,"column":18}},"7":{"start":{"line":13,"column":29},"end":{"line":13,"column":74}},"8":{"start":{"line":14,"column":4},"end":{"line":18,"column":5}},"9":{"start":{"line":15,"column":20},"end":{"line":15,"column":64}},"10":{"start":{"line":16,"column":6},"end":{"line":16,"column":29}},"11":{"start":{"line":17,"column":6},"end":{"line":17,"column":18}},"12":{"start":{"line":20,"column":22},"end":{"line":20,"column":28}},"13":{"start":{"line":21,"column":4},"end":{"line":29,"column":5}},"14":{"start":{"line":22,"column":25},"end":{"line":22,"column":78}},"15":{"start":{"line":23,"column":6},"end":{"line":27,"column":7}},"16":{"start":{"line":24,"column":22},"end":{"line":24,"column":93}},"17":{"start":{"line":25,"column":8},"end":{"line":25,"column":31}},"18":{"start":{"line":26,"column":8},"end":{"line":26,"column":20}},"19":{"start":{"line":28,"column":6},"end":{"line":28,"column":34}},"20":{"start":{"line":31,"column":22},"end":{"line":31,"column":65}},"21":{"start":{"line":32,"column":24},"end":{"line":38,"column":6}},"22":{"start":{"line":40,"column":42},"end":{"line":40,"column":53}},"23":{"start":{"line":41,"column":4},"end":{"line":41,"column":112}},"24":{"start":{"line":43,"column":4},"end":{"line":43,"column":23}},"25":{"start":{"line":47,"column":4},"end":{"line":47,"column":70}},"26":{"start":{"line":51,"column":4},"end":{"line":55,"column":5}},"27":{"start":{"line":52,"column":20},"end":{"line":52,"column":79}},"28":{"start":{"line":53,"column":6},"end":{"line":53,"column":29}},"29":{"start":{"line":54,"column":6},"end":{"line":54,"column":18}},"30":{"start":{"line":57,"column":26},"end":{"line":57,"column":72}},"31":{"start":{"line":58,"column":4},"end":{"line":62,"column":5}},"32":{"start":{"line":59,"column":20},"end":{"line":59,"column":56}},"33":{"start":{"line":60,"column":6},"end":{"line":60,"column":29}},"34":{"start":{"line":61,"column":6},"end":{"line":61,"column":18}},"35":{"start":{"line":64,"column":30},"end":{"line":64,"column":86}},"36":{"start":{"line":66,"column":49},"end":{"line":66,"column":62}},"37":{"start":{"line":67,"column":48},"end":{"line":67,"column":65}},"38":{"start":{"line":69,"column":4},"end":{"line":69,"column":127}},"39":{"start":{"line":71,"column":4},"end":{"line":71,"column":29}},"40":{"start":{"line":75,"column":4},"end":{"line":79,"column":5}},"41":{"start":{"line":76,"column":20},"end":{"line":76,"column":75}},"42":{"start":{"line":77,"column":6},"end":{"line":77,"column":29}},"43":{"start":{"line":78,"column":6},"end":{"line":78,"column":18}},"44":{"start":{"line":81,"column":26},"end":{"line":81,"column":65}},"45":{"start":{"line":82,"column":4},"end":{"line":86,"column":5}},"46":{"start":{"line":83,"column":20},"end":{"line":83,"column":56}},"47":{"start":{"line":84,"column":6},"end":{"line":84,"column":29}},"48":{"start":{"line":85,"column":6},"end":{"line":85,"column":18}},"49":{"start":{"line":88,"column":30},"end":{"line":88,"column":79}},"50":{"start":{"line":90,"column":49},"end":{"line":90,"column":62}},"51":{"start":{"line":91,"column":48},"end":{"line":91,"column":65}},"52":{"start":{"line":93,"column":4},"end":{"line":93,"column":123}},"53":{"start":{"line":95,"column":4},"end":{"line":95,"column":29}},"54":{"start":{"line":99,"column":18},"end":{"line":99,"column":28}},"55":{"start":{"line":100,"column":26},"end":{"line":100,"column":68}},"56":{"start":{"line":102,"column":4},"end":{"line":106,"column":5}},"57":{"start":{"line":103,"column":20},"end":{"line":103,"column":56}},"58":{"start":{"line":104,"column":6},"end":{"line":104,"column":29}},"59":{"start":{"line":105,"column":6},"end":{"line":105,"column":18}},"60":{"start":{"line":108,"column":4},"end":{"line":120,"column":5}},"61":{"start":{"line":109,"column":6},"end":{"line":113,"column":7}},"62":{"start":{"line":110,"column":22},"end":{"line":110,"column":118}},"63":{"start":{"line":111,"column":8},"end":{"line":111,"column":31}},"64":{"start":{"line":112,"column":8},"end":{"line":112,"column":20}},"65":{"start":{"line":114,"column":25},"end":{"line":114,"column":76}},"66":{"start":{"line":115,"column":6},"end":{"line":119,"column":7}},"67":{"start":{"line":116,"column":22},"end":{"line":116,"column":80}},"68":{"start":{"line":117,"column":8},"end":{"line":117,"column":31}},"69":{"start":{"line":118,"column":8},"end":{"line":118,"column":20}},"70":{"start":{"line":122,"column":31},"end":{"line":127,"column":5}},"71":{"start":{"line":129,"column":4},"end":{"line":131,"column":5}},"72":{"start":{"line":130,"column":6},"end":{"line":130,"column":68}},"73":{"start":{"line":133,"column":30},"end":{"line":133,"column":97}},"74":{"start":{"line":135,"column":49},"end":{"line":135,"column":62}},"75":{"start":{"line":136,"column":48},"end":{"line":136,"column":65}},"76":{"start":{"line":138,"column":4},"end":{"line":138,"column":123}},"77":{"start":{"line":140,"column":4},"end":{"line":140,"column":29}},"78":{"start":{"line":144,"column":0},"end":{"line":144,"column":38}}},"fnMap":{"0":{"name":"(anonymous_0)","decl":{"start":{"line":6,"column":2},"end":{"line":6,"column":3}},"loc":{"start":{"line":6,"column":75},"end":{"line":44,"column":3}},"line":6},"1":{"name":"(anonymous_1)","decl":{"start":{"line":46,"column":2},"end":{"line":46,"column":3}},"loc":{"start":{"line":46,"column":57},"end":{"line":48,"column":3}},"line":46},"2":{"name":"(anonymous_2)","decl":{"start":{"line":50,"column":2},"end":{"line":50,"column":3}},"loc":{"start":{"line":50,"column":54},"end":{"line":72,"column":3}},"line":50},"3":{"name":"(anonymous_3)","decl":{"start":{"line":74,"column":2},"end":{"line":74,"column":3}},"loc":{"start":{"line":74,"column":75},"end":{"line":96,"column":3}},"line":74},"4":{"name":"(anonymous_4)","decl":{"start":{"line":98,"column":2},"end":{"line":98,"column":3}},"loc":{"start":{"line":98,"column":44},"end":{"line":141,"column":3}},"line":98}},"branchMap":{"0":{"loc":{"start":{"line":7,"column":4},"end":{"line":11,"column":5}},"type":"if","locations":[{"start":{"line":7,"column":4},"end":{"line":11,"column":5}},{"start":{},"end":{}}],"line":7},"1":{"loc":{"start":{"line":7,"column":8},"end":{"line":7,"column":45}},"type":"binary-expr","locations":[{"start":{"line":7,"column":8},"end":{"line":7,"column":13}},{"start":{"line":7,"column":17},"end":{"line":7,"column":23}},{"start":{"line":7,"column":28},"end":{"line":7,"column":34}},{"start":{"line":7,"column":38},"end":{"line":7,"column":44}}],"line":7},"2":{"loc":{"start":{"line":14,"column":4},"end":{"line":18,"column":5}},"type":"if","locations":[{"start":{"line":14,"column":4},"end":{"line":18,"column":5}},{"start":{},"end":{}}],"line":14},"3":{"loc":{"start":{"line":21,"column":4},"end":{"line":29,"column":5}},"type":"if","locations":[{"start":{"line":21,"column":4},"end":{"line":29,"column":5}},{"start":{},"end":{}}],"line":21},"4":{"loc":{"start":{"line":23,"column":6},"end":{"line":27,"column":7}},"type":"if","locations":[{"start":{"line":23,"column":6},"end":{"line":27,"column":7}},{"start":{},"end":{}}],"line":23},"5":{"loc":{"start":{"line":31,"column":22},"end":{"line":31,"column":65}},"type":"cond-expr","locations":[{"start":{"line":31,"column":30},"end":{"line":31,"column":58}},{"start":{"line":31,"column":61},"end":{"line":31,"column":65}}],"line":31},"6":{"loc":{"start":{"line":36,"column":13},"end":{"line":36,"column":26}},"type":"binary-expr","locations":[{"start":{"line":36,"column":13},"end":{"line":36,"column":18}},{"start":{"line":36,"column":22},"end":{"line":36,"column":26}}],"line":36},"7":{"loc":{"start":{"line":46,"column":23},"end":{"line":46,"column":31}},"type":"default-arg","locations":[{"start":{"line":46,"column":30},"end":{"line":46,"column":31}}],"line":46},"8":{"loc":{"start":{"line":46,"column":33},"end":{"line":46,"column":43}},"type":"default-arg","locations":[{"start":{"line":46,"column":41},"end":{"line":46,"column":43}}],"line":46},"9":{"loc":{"start":{"line":46,"column":45},"end":{"line":46,"column":55}},"type":"default-arg","locations":[{"start":{"line":46,"column":53},"end":{"line":46,"column":55}}],"line":46},"10":{"loc":{"start":{"line":51,"column":4},"end":{"line":55,"column":5}},"type":"if","locations":[{"start":{"line":51,"column":4},"end":{"line":55,"column":5}},{"start":{},"end":{}}],"line":51},"11":{"loc":{"start":{"line":51,"column":8},"end":{"line":51,"column":29}},"type":"binary-expr","locations":[{"start":{"line":51,"column":8},"end":{"line":51,"column":18}},{"start":{"line":51,"column":22},"end":{"line":51,"column":29}}],"line":51},"12":{"loc":{"start":{"line":58,"column":4},"end":{"line":62,"column":5}},"type":"if","locations":[{"start":{"line":58,"column":4},"end":{"line":62,"column":5}},{"start":{},"end":{}}],"line":58},"13":{"loc":{"start":{"line":75,"column":4},"end":{"line":79,"column":5}},"type":"if","locations":[{"start":{"line":75,"column":4},"end":{"line":79,"column":5}},{"start":{},"end":{}}],"line":75},"14":{"loc":{"start":{"line":75,"column":8},"end":{"line":75,"column":56}},"type":"binary-expr","locations":[{"start":{"line":75,"column":8},"end":{"line":75,"column":46}},{"start":{"line":75,"column":50},"end":{"line":75,"column":56}}],"line":75},"15":{"loc":{"start":{"line":82,"column":4},"end":{"line":86,"column":5}},"type":"if","locations":[{"start":{"line":82,"column":4},"end":{"line":86,"column":5}},{"start":{},"end":{}}],"line":82},"16":{"loc":{"start":{"line":102,"column":4},"end":{"line":106,"column":5}},"type":"if","locations":[{"start":{"line":102,"column":4},"end":{"line":106,"column":5}},{"start":{},"end":{}}],"line":102},"17":{"loc":{"start":{"line":108,"column":4},"end":{"line":120,"column":5}},"type":"if","locations":[{"start":{"line":108,"column":4},"end":{"line":120,"column":5}},{"start":{},"end":{}}],"line":108},"18":{"loc":{"start":{"line":108,"column":8},"end":{"line":108,"column":58}},"type":"binary-expr","locations":[{"start":{"line":108,"column":8},"end":{"line":108,"column":19}},{"start":{"line":108,"column":23},"end":{"line":108,"column":58}}],"line":108},"19":{"loc":{"start":{"line":109,"column":6},"end":{"line":113,"column":7}},"type":"if","locations":[{"start":{"line":109,"column":6},"end":{"line":113,"column":7}},{"start":{},"end":{}}],"line":109},"20":{"loc":{"start":{"line":109,"column":10},"end":{"line":109,"column":89}},"type":"binary-expr","locations":[{"start":{"line":109,"column":10},"end":{"line":109,"column":45}},{"start":{"line":109,"column":49},"end":{"line":109,"column":89}}],"line":109},"21":{"loc":{"start":{"line":115,"column":6},"end":{"line":119,"column":7}},"type":"if","locations":[{"start":{"line":115,"column":6},"end":{"line":119,"column":7}},{"start":{},"end":{}}],"line":115},"22":{"loc":{"start":{"line":115,"column":10},"end":{"line":115,"column":55}},"type":"binary-expr","locations":[{"start":{"line":115,"column":10},"end":{"line":115,"column":20}},{"start":{"line":115,"column":24},"end":{"line":115,"column":55}}],"line":115},"23":{"loc":{"start":{"line":125,"column":13},"end":{"line":125,"column":73}},"type":"cond-expr","locations":[{"start":{"line":125,"column":41},"end":{"line":125,"column":61}},{"start":{"line":125,"column":64},"end":{"line":125,"column":73}}],"line":125},"24":{"loc":{"start":{"line":126,"column":14},"end":{"line":126,"column":61}},"type":"cond-expr","locations":[{"start":{"line":126,"column":29},"end":{"line":126,"column":49}},{"start":{"line":126,"column":52},"end":{"line":126,"column":61}}],"line":126},"25":{"loc":{"start":{"line":129,"column":4},"end":{"line":131,"column":5}},"type":"if","locations":[{"start":{"line":129,"column":4},"end":{"line":131,"column":5}},{"start":{},"end":{}}],"line":129},"26":{"loc":{"start":{"line":129,"column":8},"end":{"line":129,"column":48}},"type":"binary-expr","locations":[{"start":{"line":129,"column":8},"end":{"line":129,"column":19}},{"start":{"line":129,"column":23},"end":{"line":129,"column":48}}],"line":129}},"s":{"0":6,"1":6,"2":6,"3":4,"4":1,"5":1,"6":1,"7":3,"8":3,"9":1,"10":1,"11":1,"12":2,"13":2,"14":2,"15":2,"16":1,"17":1,"18":1,"19":1,"20":1,"21":1,"22":1,"23":1,"24":1,"25":2,"26":3,"27":1,"28":1,"29":1,"30":2,"31":2,"32":1,"33":1,"34":1,"35":1,"36":1,"37":1,"38":1,"39":1,"40":3,"41":1,"42":1,"43":1,"44":2,"45":2,"46":1,"47":1,"48":1,"49":1,"50":1,"51":1,"52":1,"53":1,"54":5,"55":5,"56":5,"57":1,"58":1,"59":1,"60":4,"61":3,"62":1,"63":1,"64":1,"65":2,"66":2,"67":1,"68":1,"69":1,"70":2,"71":2,"72":1,"73":2,"74":2,"75":2,"76":2,"77":2,"78":6},"f":{"0":4,"1":2,"2":3,"3":3,"4":5},"b":{"0":[1,3],"1":[4,3,3,0],"2":[1,2],"3":[2,0],"4":[1,1],"5":[1,0],"6":[1,1],"7":[0],"8":[0],"9":[0],"10":[1,2],"11":[3,2],"12":[1,1],"13":[1,2],"14":[3,1],"15":[1,1],"16":[1,4],"17":[3,1],"18":[4,3],"19":[1,2],"20":[3,1],"21":[1,1],"22":[2,1],"23":[0,2],"24":[0,2],"25":[1,1],"26":[2,1]},"_coverageSchema":"1a1c01bbd47fc00a2c39e90264f33305004495a9","hash":"fbc9128c4b900d6a00fc7c92fad1825566dfaaf9"}
}
