TN:
SF:src\app.js
FN:12,(anonymous_0)
FN:16,(anonymous_1)
FNF:2
FNH:1
FNDA:0,(anonymous_0)
FNDA:3,(anonymous_1)
DA:1,2
DA:2,2
DA:3,2
DA:4,2
DA:5,2
DA:6,2
DA:7,2
DA:9,2
DA:11,2
DA:12,0
DA:15,2
DA:17,3
DA:18,0
DA:19,0
DA:21,0
DA:28,2
DA:29,2
DA:31,2
DA:32,2
DA:38,2
DA:40,2
LF:21
LH:17
BRDA:11,0,0,0
BRDA:11,0,1,2
BRDA:17,1,0,3
BRDA:17,1,1,0
BRDA:18,2,0,0
BRDA:18,2,1,0
BRF:6
BRH:2
end_of_record
TN:
SF:src\controllers\auditoriaController.js
FN:4,(anonymous_0)
FNF:1
FNH:1
FNDA:2,(anonymous_0)
DA:1,3
DA:5,2
DA:6,2
DA:7,2
DA:8,1
DA:10,1
DA:15,3
LF:7
LH:7
BRDA:6,0,0,1
BRDA:6,1,0,1
BRDA:6,2,0,1
BRF:3
BRH:3
end_of_record
TN:
SF:src\controllers\authController.js
FN:5,(anonymous_0)
FN:15,(anonymous_1)
FN:33,(anonymous_2)
FN:42,(anonymous_3)
FNF:4
FNH:4
FNDA:2,(anonymous_0)
FNDA:4,(anonymous_1)
FNDA:2,(anonymous_2)
FNDA:2,(anonymous_3)
DA:1,3
DA:2,3
DA:6,2
DA:7,2
DA:8,2
DA:9,1
DA:11,1
DA:16,4
DA:17,4
DA:19,4
DA:20,1
DA:23,3
DA:24,2
DA:25,1
DA:27,1
DA:29,1
DA:34,2
DA:35,2
DA:36,1
DA:38,1
DA:43,2
DA:44,2
DA:45,2
DA:46,1
DA:48,1
DA:53,3
LF:26
LH:26
BRDA:11,0,0,1
BRDA:11,0,1,0
BRDA:17,1,0,4
BRDA:17,1,1,4
BRDA:17,1,2,1
BRDA:19,2,0,1
BRDA:19,2,1,3
BRDA:24,3,0,1
BRDA:24,3,1,1
BRDA:24,4,0,2
BRDA:24,4,1,2
BRDA:48,5,0,1
BRDA:48,5,1,0
BRF:13
BRH:11
end_of_record
TN:
SF:src\controllers\permissaoController.js
FN:4,(anonymous_0)
FN:15,(anonymous_1)
FN:27,(anonymous_2)
FN:38,(anonymous_3)
FNF:4
FNH:4
FNDA:2,(anonymous_0)
FNDA:2,(anonymous_1)
FNDA:2,(anonymous_2)
FNDA:2,(anonymous_3)
DA:1,3
DA:5,2
DA:6,2
DA:7,2
DA:8,1
DA:10,1
DA:11,1
DA:16,2
DA:17,2
DA:18,2
DA:19,2
DA:20,1
DA:22,1
DA:23,1
DA:28,2
DA:29,2
DA:30,2
DA:31,1
DA:33,1
DA:34,1
DA:39,2
DA:40,2
DA:41,2
DA:42,2
DA:43,1
DA:45,1
DA:46,1
DA:51,3
LF:28
LH:28
BRDA:10,0,0,1
BRDA:10,0,1,1
BRDA:11,1,0,1
BRDA:11,1,1,0
BRDA:22,2,0,1
BRDA:22,2,1,1
BRDA:23,3,0,1
BRDA:23,3,1,0
BRDA:33,4,0,1
BRDA:33,4,1,1
BRDA:34,5,0,1
BRDA:34,5,1,0
BRDA:45,6,0,1
BRDA:45,6,1,1
BRDA:46,7,0,1
BRDA:46,7,1,0
BRF:16
BRH:12
end_of_record
TN:
SF:src\controllers\procedimentoController.js
FN:3,(anonymous_0)
FN:14,(anonymous_1)
FN:24,(anonymous_2)
FN:34,(anonymous_3)
FN:44,(anonymous_4)
FN:54,(anonymous_5)
FN:65,(anonymous_6)
FNF:7
FNH:7
FNDA:2,(anonymous_0)
FNDA:2,(anonymous_1)
FNDA:2,(anonymous_2)
FNDA:2,(anonymous_3)
FNDA:2,(anonymous_4)
FNDA:2,(anonymous_5)
FNDA:2,(anonymous_6)
DA:1,3
DA:3,3
DA:4,2
DA:5,2
DA:6,2
DA:7,1
DA:9,1
DA:10,1
DA:14,3
DA:15,2
DA:16,2
DA:17,1
DA:19,1
DA:20,1
DA:24,3
DA:25,2
DA:26,2
DA:27,1
DA:29,1
DA:30,1
DA:34,3
DA:35,2
DA:36,2
DA:37,1
DA:39,1
DA:40,1
DA:44,3
DA:45,2
DA:46,2
DA:47,1
DA:49,1
DA:50,1
DA:54,3
DA:55,2
DA:56,2
DA:57,2
DA:58,1
DA:60,1
DA:61,1
DA:65,3
DA:66,2
DA:67,2
DA:68,2
DA:69,2
DA:70,1
DA:72,1
DA:73,1
LF:47
LH:47
BRDA:5,0,0,1
BRDA:5,1,0,1
BRDA:9,2,0,1
BRDA:9,2,1,1
BRDA:19,3,0,1
BRDA:19,3,1,0
BRDA:29,4,0,1
BRDA:29,4,1,1
BRDA:39,5,0,1
BRDA:39,5,1,1
BRDA:49,6,0,1
BRDA:49,6,1,1
BRDA:60,7,0,1
BRDA:60,7,1,1
BRDA:61,8,0,1
BRDA:61,8,1,0
BRDA:72,9,0,1
BRDA:72,9,1,1
BRF:18
BRH:16
end_of_record
TN:
SF:src\controllers\ssoController.js
FN:5,(anonymous_0)
FN:16,(anonymous_1)
FN:44,(anonymous_2)
FN:58,(anonymous_3)
FN:70,(anonymous_4)
FNF:5
FNH:4
FNDA:3,(anonymous_0)
FNDA:0,(anonymous_1)
FNDA:2,(anonymous_2)
FNDA:2,(anonymous_3)
FNDA:2,(anonymous_4)
DA:1,3
DA:2,3
DA:6,3
DA:7,3
DA:9,3
DA:10,1
DA:13,2
DA:15,1
DA:16,0
DA:19,1
DA:30,1
DA:32,1
DA:37,1
DA:39,1
DA:40,1
DA:45,2
DA:46,2
DA:47,2
DA:52,1
DA:54,1
DA:59,2
DA:60,2
DA:61,1
DA:63,1
DA:64,1
DA:66,0
DA:71,2
DA:72,2
DA:73,2
DA:74,1
DA:76,1
DA:81,3
LF:32
LH:30
BRDA:9,0,0,1
BRDA:9,0,1,2
BRDA:15,1,0,0
BRDA:15,1,1,1
BRDA:16,2,0,0
BRDA:16,2,1,0
BRDA:21,3,0,1
BRDA:21,3,1,1
BRDA:25,4,0,1
BRDA:25,4,1,1
BRDA:39,5,0,1
BRDA:39,5,1,0
BRDA:39,6,0,1
BRDA:39,6,1,0
BRDA:40,7,0,1
BRDA:40,7,1,0
BRDA:46,8,0,2
BRDA:46,9,0,2
BRDA:46,10,0,2
BRDA:63,11,0,1
BRDA:63,11,1,0
BRDA:63,12,0,1
BRDA:63,12,1,0
BRF:23
BRH:15
end_of_record
TN:
SF:src\controllers\usuarioController.js
FN:4,(anonymous_0)
FN:14,(anonymous_1)
FN:28,(anonymous_2)
FN:39,(anonymous_3)
FN:52,(anonymous_4)
FNF:5
FNH:5
FNDA:2,(anonymous_0)
FNDA:2,(anonymous_1)
FNDA:2,(anonymous_2)
FNDA:2,(anonymous_3)
FNDA:2,(anonymous_4)
DA:1,3
DA:5,2
DA:6,2
DA:7,1
DA:9,1
DA:10,1
DA:15,2
DA:16,2
DA:17,2
DA:22,1
DA:24,1
DA:29,2
DA:30,2
DA:31,2
DA:32,2
DA:33,1
DA:35,1
DA:40,2
DA:41,2
DA:42,2
DA:43,2
DA:45,2
DA:46,1
DA:48,1
DA:53,2
DA:54,2
DA:55,2
DA:56,1
DA:58,1
DA:59,1
DA:64,3
LF:31
LH:31
BRDA:9,0,0,1
BRDA:9,0,1,1
BRDA:10,1,0,1
BRDA:10,1,1,0
BRDA:16,2,0,1
BRDA:16,3,0,1
BRDA:16,4,0,1
BRDA:35,5,0,1
BRDA:35,5,1,1
BRDA:48,6,0,1
BRDA:48,6,1,1
BRDA:58,7,0,1
BRDA:58,7,1,1
BRDA:59,8,0,1
BRDA:59,8,1,0
BRF:15
BRH:13
end_of_record
TN:
SF:src\middlewares\auth.js
FN:3,(anonymous_0)
FN:21,(anonymous_1)
FNF:2
FNH:2
FNDA:5,(anonymous_0)
FNDA:2,(anonymous_1)
DA:1,3
DA:3,3
DA:4,5
DA:6,5
DA:7,1
DA:10,4
DA:11,4
DA:12,1
DA:15,3
DA:17,3
DA:18,1
DA:21,2
DA:22,2
DA:24,1
DA:25,1
LF:15
LH:15
BRDA:6,0,0,1
BRDA:6,0,1,4
BRDA:11,1,0,1
BRDA:11,1,1,3
BRDA:17,2,0,1
BRDA:17,2,1,2
BRDA:21,3,0,2
BRDA:21,3,1,0
BRDA:22,4,0,1
BRDA:22,4,1,1
BRF:10
BRH:9
end_of_record
TN:
SF:src\middlewares\authMiddleware.js
FN:4,autenticar
FN:28,autorizar
FN:29,(anonymous_2)
FN:37,verificarPermissao
FN:38,(anonymous_4)
FN:56,(anonymous_5)
FNF:6
FNH:6
FNDA:6,autenticar
FNDA:12,autorizar
FNDA:3,(anonymous_2)
FNDA:3,verificarPermissao
FNDA:3,(anonymous_4)
FNDA:1,(anonymous_5)
DA:1,3
DA:2,3
DA:5,6
DA:7,6
DA:8,6
DA:9,3
DA:11,3
DA:12,1
DA:15,6
DA:16,2
DA:19,4
DA:20,4
DA:21,3
DA:22,3
DA:24,1
DA:29,12
DA:30,3
DA:31,2
DA:33,1
DA:38,3
DA:39,3
DA:40,3
DA:42,3
DA:55,2
DA:56,1
DA:59,2
DA:60,1
DA:63,1
DA:65,1
DA:71,3
LF:30
LH:30
BRDA:8,0,0,3
BRDA:8,0,1,3
BRDA:11,1,0,1
BRDA:11,1,1,2
BRDA:15,2,0,2
BRDA:15,2,1,4
BRDA:28,3,0,0
BRDA:30,4,0,2
BRDA:30,4,1,1
BRDA:30,5,0,3
BRDA:30,5,1,3
BRDA:59,6,0,1
BRDA:59,6,1,1
BRDA:59,7,0,2
BRDA:59,7,1,2
BRF:15
BRH:14
end_of_record
TN:
SF:src\middlewares\upload.js
FN:12,(anonymous_0)
FN:15,(anonymous_1)
FN:22,(anonymous_2)
FNF:3
FNH:0
FNDA:0,(anonymous_0)
FNDA:0,(anonymous_1)
FNDA:0,(anonymous_2)
DA:1,2
DA:2,2
DA:3,2
DA:4,2
DA:6,2
DA:7,2
DA:8,0
DA:11,2
DA:13,0
DA:16,0
DA:17,0
DA:18,0
DA:22,2
DA:23,0
DA:24,0
DA:26,0
DA:30,2
DA:36,2
LF:18
LH:10
BRDA:7,0,0,0
BRDA:7,0,1,2
BRDA:23,1,0,0
BRDA:23,1,1,0
BRDA:23,2,0,0
BRDA:23,2,1,0
BRF:6
BRH:1
end_of_record
TN:
SF:src\repositories\auditoriaRepository.js
FN:4,(anonymous_0)
FN:17,(anonymous_1)
FNF:2
FNH:2
FNDA:1,(anonymous_0)
FNDA:2,(anonymous_1)
DA:1,16
DA:5,1
DA:18,2
DA:20,2
DA:28,2
DA:41,2
DA:45,16
LF:7
LH:7
BRDA:7,0,0,1
BRDA:7,0,1,0
BRDA:11,1,0,1
BRDA:11,1,1,1
BRDA:12,2,0,1
BRDA:12,2,1,0
BRDA:17,3,0,0
BRDA:17,4,0,0
BRDA:17,5,0,0
BRDA:20,6,0,1
BRDA:20,6,1,1
BRDA:41,7,0,2
BRDA:41,7,1,1
BRF:13
BRH:8
end_of_record
TN:
SF:src\repositories\permissaoRepository.js
FN:4,(anonymous_0)
FN:15,(anonymous_1)
FN:32,(anonymous_2)
FN:43,(anonymous_3)
FN:54,(anonymous_4)
FN:55,(anonymous_5)
FNF:6
FNH:6
FNDA:1,(anonymous_0)
FNDA:1,(anonymous_1)
FNDA:1,(anonymous_2)
FNDA:1,(anonymous_3)
FNDA:1,(anonymous_4)
FNDA:2,(anonymous_5)
DA:1,7
DA:5,1
DA:16,1
DA:33,1
DA:44,1
DA:55,1
DA:56,2
DA:71,1
DA:75,7
LF:9
LH:9
BRF:0
BRH:0
end_of_record
TN:
SF:src\repositories\procedimentoRepository.js
FN:4,(anonymous_0)
FN:58,(anonymous_1)
FN:71,(anonymous_2)
FN:84,(anonymous_3)
FN:88,(anonymous_4)
FN:92,(anonymous_5)
FN:96,(anonymous_6)
FN:115,(anonymous_7)
FN:121,(anonymous_8)
FNF:9
FNH:8
FNDA:2,(anonymous_0)
FNDA:1,(anonymous_1)
FNDA:1,(anonymous_2)
FNDA:1,(anonymous_3)
FNDA:1,(anonymous_4)
FNDA:1,(anonymous_5)
FNDA:1,(anonymous_6)
FNDA:0,(anonymous_7)
FNDA:1,(anonymous_8)
DA:1,5
DA:5,2
DA:6,2
DA:7,2
DA:9,2
DA:16,2
DA:17,2
DA:19,2
DA:21,2
DA:22,1
DA:23,1
DA:32,2
DA:39,2
DA:55,2
DA:59,1
DA:72,1
DA:85,1
DA:89,1
DA:93,1
DA:97,1
DA:116,0
DA:122,1
DA:128,5
LF:23
LH:22
BRDA:4,0,0,1
BRDA:4,1,0,1
BRDA:5,2,0,2
BRDA:5,2,1,0
BRDA:6,3,0,2
BRDA:6,3,1,0
BRDA:9,4,0,1
BRDA:9,4,1,1
BRDA:16,5,0,1
BRDA:16,5,1,1
BRDA:21,6,0,1
BRDA:21,6,1,1
BRDA:22,7,0,1
BRDA:22,7,1,0
BRF:14
BRH:11
end_of_record
TN:
SF:src\repositories\ssoRepository.js
FN:4,(anonymous_0)
FN:18,(anonymous_1)
FN:25,(anonymous_2)
FN:32,(anonymous_3)
FN:40,(anonymous_4)
FN:53,(anonymous_5)
FN:59,(anonymous_6)
FN:70,(anonymous_7)
FN:77,(anonymous_8)
FN:83,(anonymous_9)
FN:93,(anonymous_10)
FN:99,(anonymous_11)
FNF:12
FNH:8
FNDA:3,(anonymous_0)
FNDA:1,(anonymous_1)
FNDA:0,(anonymous_2)
FNDA:1,(anonymous_3)
FNDA:1,(anonymous_4)
FNDA:0,(anonymous_5)
FNDA:1,(anonymous_6)
FNDA:1,(anonymous_7)
FNDA:0,(anonymous_8)
FNDA:0,(anonymous_9)
FNDA:1,(anonymous_10)
FNDA:1,(anonymous_11)
DA:1,5
DA:5,3
DA:19,1
DA:26,0
DA:33,1
DA:41,1
DA:54,0
DA:60,1
DA:71,1
DA:74,1
DA:78,0
DA:84,0
DA:94,1
DA:100,1
DA:102,1
DA:106,1
DA:116,1
DA:125,5
LF:18
LH:14
BRDA:99,0,0,0
BRDA:99,1,0,0
BRDA:99,2,0,0
BRDA:102,3,0,0
BRDA:102,3,1,1
BRDA:119,4,0,1
BRDA:119,4,1,0
BRF:7
BRH:2
end_of_record
TN:
SF:src\repositories\usuarioRepository.js
FN:4,(anonymous_0)
FN:13,(anonymous_1)
FN:30,(anonymous_2)
FN:36,(anonymous_3)
FN:51,(anonymous_4)
FN:55,(anonymous_5)
FN:65,(anonymous_6)
FN:82,(anonymous_7)
FN:101,(anonymous_8)
FN:118,(anonymous_9)
FN:131,(anonymous_10)
FN:146,(anonymous_11)
FN:153,(anonymous_12)
FN:169,(anonymous_13)
FNF:14
FNH:11
FNDA:1,(anonymous_0)
FNDA:1,(anonymous_1)
FNDA:1,(anonymous_2)
FNDA:1,(anonymous_3)
FNDA:0,(anonymous_4)
FNDA:1,(anonymous_5)
FNDA:1,(anonymous_6)
FNDA:1,(anonymous_7)
FNDA:1,(anonymous_8)
FNDA:1,(anonymous_9)
FNDA:0,(anonymous_10)
FNDA:0,(anonymous_11)
FNDA:1,(anonymous_12)
FNDA:3,(anonymous_13)
DA:1,8
DA:5,1
DA:14,1
DA:31,1
DA:37,1
DA:52,0
DA:56,1
DA:66,1
DA:83,1
DA:102,1
DA:119,1
DA:132,0
DA:147,0
DA:154,1
DA:170,3
DA:172,3
DA:179,3
DA:198,3
DA:207,8
LF:19
LH:16
BRDA:169,0,0,0
BRDA:169,1,0,0
BRDA:169,2,0,0
BRDA:172,3,0,2
BRDA:172,3,1,1
BRF:5
BRH:2
end_of_record
TN:
SF:src\routes\auditoria.js
FN:110,(anonymous_0)
FNF:1
FNH:0
FNDA:0,(anonymous_0)
DA:1,2
DA:2,2
DA:3,2
DA:110,2
DA:112,2
LF:5
LH:5
BRF:0
BRH:0
end_of_record
TN:
SF:src\routes\auth.js
FN:32,(anonymous_0)
FN:48,(anonymous_1)
FN:79,(anonymous_2)
FN:81,(anonymous_3)
FN:82,(anonymous_4)
FNF:5
FNH:0
FNDA:0,(anonymous_0)
FNDA:0,(anonymous_1)
FNDA:0,(anonymous_2)
FNDA:0,(anonymous_3)
FNDA:0,(anonymous_4)
DA:1,2
DA:2,2
DA:3,2
DA:4,2
DA:32,2
DA:48,2
DA:79,2
DA:81,2
DA:82,2
DA:84,2
LF:10
LH:10
BRF:0
BRH:0
end_of_record
TN:
SF:src\routes\health.js
FN:47,(anonymous_0)
FNF:1
FNH:1
FNDA:1,(anonymous_0)
DA:1,2
DA:2,2
DA:3,2
DA:47,2
DA:48,1
DA:49,1
DA:50,1
DA:57,0
DA:66,2
LF:9
LH:8
BRF:0
BRH:0
end_of_record
TN:
SF:src\routes\procedimentoPermissoes.js
FN:66,(anonymous_0)
FN:67,(anonymous_1)
FN:98,(anonymous_2)
FNF:3
FNH:0
FNDA:0,(anonymous_0)
FNDA:0,(anonymous_1)
FNDA:0,(anonymous_2)
DA:1,2
DA:2,2
DA:3,2
DA:4,2
DA:5,2
DA:66,2
DA:67,2
DA:98,2
DA:100,2
LF:9
LH:9
BRF:0
BRH:0
end_of_record
TN:
SF:src\routes\procedimentos.js
FN:80,(anonymous_0)
FN:153,(anonymous_1)
FNF:2
FNH:0
FNDA:0,(anonymous_0)
FNDA:0,(anonymous_1)
DA:1,2
DA:2,2
DA:3,2
DA:4,2
DA:5,2
DA:6,2
DA:46,2
DA:47,2
DA:79,2
DA:80,2
DA:108,2
DA:153,2
DA:184,2
DA:186,2
LF:14
LH:14
BRF:0
BRH:0
end_of_record
TN:
SF:src\routes\sso.js
FNF:0
FNH:0
DA:1,2
DA:2,2
DA:3,2
DA:4,2
DA:83,2
DA:112,2
DA:136,2
DA:138,2
LF:8
LH:8
BRF:0
BRH:0
end_of_record
TN:
SF:src\routes\usuarios.js
FN:99,(anonymous_0)
FN:100,(anonymous_1)
FN:152,(anonymous_2)
FN:186,(anonymous_3)
FNF:4
FNH:0
FNDA:0,(anonymous_0)
FNDA:0,(anonymous_1)
FNDA:0,(anonymous_2)
FNDA:0,(anonymous_3)
DA:1,2
DA:2,2
DA:3,2
DA:99,2
DA:100,2
DA:152,2
DA:186,2
DA:188,2
LF:8
LH:8
BRF:0
BRH:0
end_of_record
TN:
SF:src\services\auditoriaService.js
FN:4,(anonymous_0)
FN:19,(anonymous_1)
FNF:2
FNH:2
FNDA:3,(anonymous_0)
FNDA:1,(anonymous_1)
DA:1,15
DA:5,3
DA:6,3
DA:15,1
DA:20,1
DA:24,15
LF:6
LH:6
BRDA:4,0,0,1
BRDA:4,1,0,1
BRDA:7,2,0,3
BRDA:7,2,1,1
BRF:4
BRH:4
end_of_record
TN:
SF:src\services\authService.js
FN:7,(anonymous_0)
FN:53,(anonymous_1)
FN:76,(anonymous_2)
FN:86,(anonymous_3)
FN:98,(anonymous_4)
FN:105,(anonymous_5)
FN:139,(anonymous_6)
FN:156,(anonymous_7)
FN:158,(anonymous_8)
FNF:9
FNH:7
FNDA:4,(anonymous_0)
FNDA:3,(anonymous_1)
FNDA:2,(anonymous_2)
FNDA:2,(anonymous_3)
FNDA:1,(anonymous_4)
FNDA:3,(anonymous_5)
FNDA:0,(anonymous_6)
FNDA:2,(anonymous_7)
FNDA:0,(anonymous_8)
DA:1,5
DA:2,5
DA:3,5
DA:4,5
DA:8,4
DA:9,1
DA:10,1
DA:11,1
DA:14,3
DA:15,3
DA:16,1
DA:17,1
DA:18,1
DA:21,2
DA:22,2
DA:23,1
DA:24,1
DA:25,1
DA:28,1
DA:30,1
DA:31,1
DA:42,1
DA:54,3
DA:56,3
DA:57,2
DA:58,2
DA:59,2
DA:62,1
DA:68,1
DA:70,1
DA:77,2
DA:78,2
DA:79,1
DA:80,1
DA:81,1
DA:83,1
DA:87,2
DA:89,2
DA:90,1
DA:91,1
DA:92,1
DA:95,1
DA:99,1
DA:100,1
DA:106,3
DA:107,1
DA:108,1
DA:109,1
DA:112,2
DA:113,2
DA:114,1
DA:115,1
DA:116,1
DA:119,1
DA:120,1
DA:121,0
DA:122,0
DA:123,0
DA:126,1
DA:127,1
DA:134,1
DA:136,1
DA:140,0
DA:147,0
DA:149,0
DA:151,0
DA:157,2
DA:158,0
DA:161,2
DA:174,5
LF:70
LH:62
BRDA:8,0,0,1
BRDA:8,0,1,3
BRDA:8,1,0,4
BRDA:8,1,1,3
BRDA:15,2,0,1
BRDA:15,2,1,2
BRDA:22,3,0,1
BRDA:22,3,1,1
BRDA:56,4,0,2
BRDA:56,4,1,1
BRDA:56,5,0,3
BRDA:56,5,1,2
BRDA:78,6,0,1
BRDA:78,6,1,1
BRDA:89,7,0,1
BRDA:89,7,1,1
BRDA:106,8,0,1
BRDA:106,8,1,2
BRDA:106,9,0,3
BRDA:106,9,1,3
BRDA:106,9,2,2
BRDA:113,10,0,1
BRDA:113,10,1,1
BRDA:120,11,0,0
BRDA:120,11,1,1
BRDA:144,12,0,0
BRDA:144,12,1,0
BRDA:144,12,2,0
BRDA:157,13,0,2
BRDA:157,13,1,0
BRF:30
BRH:25
end_of_record
TN:
SF:src\services\permissaoService.js
FN:5,(anonymous_0)
FN:9,(anonymous_1)
FN:25,(anonymous_2)
FN:34,(anonymous_3)
FNF:4
FNH:3
FNDA:0,(anonymous_0)
FNDA:3,(anonymous_1)
FNDA:1,(anonymous_2)
FNDA:2,(anonymous_3)
DA:1,4
DA:2,4
DA:6,0
DA:10,3
DA:11,1
DA:12,1
DA:13,1
DA:16,2
DA:17,2
DA:19,2
DA:20,2
DA:22,2
DA:26,1
DA:27,1
DA:29,1
DA:31,1
DA:35,2
DA:36,0
DA:37,0
DA:38,0
DA:40,2
DA:41,1
DA:42,1
DA:43,1
DA:46,1
DA:48,1
DA:50,1
DA:54,4
LF:28
LH:24
BRDA:10,0,0,1
BRDA:10,0,1,2
BRDA:19,1,0,1
BRDA:19,1,1,1
BRDA:35,2,0,0
BRDA:35,2,1,2
BRDA:40,3,0,1
BRDA:40,3,1,1
BRDA:40,4,0,2
BRDA:40,4,1,2
BRF:10
BRH:9
end_of_record
TN:
SF:src\services\procedimentoService.js
FN:8,(anonymous_0)
FN:12,(anonymous_1)
FN:18,(anonymous_2)
FN:37,(anonymous_3)
FN:65,(anonymous_4)
FN:69,(anonymous_5)
FN:120,(anonymous_6)
FN:164,(anonymous_7)
FNF:8
FNH:7
FNDA:1,(anonymous_0)
FNDA:2,(anonymous_1)
FNDA:2,(anonymous_2)
FNDA:3,(anonymous_3)
FNDA:0,(anonymous_4)
FNDA:2,(anonymous_5)
FNDA:2,(anonymous_6)
FNDA:1,(anonymous_7)
DA:1,4
DA:2,4
DA:3,4
DA:4,4
DA:5,4
DA:9,1
DA:13,2
DA:14,2
DA:15,1
DA:19,2
DA:20,1
DA:21,1
DA:22,1
DA:25,1
DA:30,1
DA:32,1
DA:34,1
DA:38,3
DA:39,3
DA:41,3
DA:42,1
DA:43,1
DA:44,1
DA:47,2
DA:48,2
DA:49,2
DA:50,2
DA:52,2
DA:53,1
DA:54,1
DA:55,1
DA:58,1
DA:60,1
DA:62,1
DA:66,0
DA:70,2
DA:72,2
DA:73,2
DA:75,2
DA:76,0
DA:79,2
DA:80,2
DA:81,2
DA:82,2
DA:84,2
DA:85,2
DA:86,2
DA:87,2
DA:88,1
DA:92,2
DA:93,1
DA:94,1
DA:95,1
DA:98,1
DA:99,1
DA:100,1
DA:103,1
DA:104,1
DA:106,1
DA:115,1
DA:117,1
DA:121,2
DA:123,2
DA:125,2
DA:126,0
DA:127,0
DA:128,0
DA:131,2
DA:132,2
DA:133,2
DA:134,2
DA:136,2
DA:138,2
DA:139,0
DA:140,0
DA:141,0
DA:145,2
DA:146,0
DA:147,0
DA:148,0
DA:151,2
DA:152,1
DA:153,1
DA:154,1
DA:157,1
DA:159,1
DA:161,1
DA:165,1
DA:166,1
DA:167,0
DA:168,0
DA:169,0
DA:172,1
DA:174,1
DA:175,0
DA:178,1
DA:180,1
DA:181,1
DA:183,1
DA:184,1
DA:186,1
DA:188,1
DA:189,0
DA:190,0
DA:191,0
DA:195,1
DA:196,0
DA:197,0
DA:198,0
DA:201,1
DA:203,1
DA:204,1
DA:205,1
DA:206,1
DA:210,1
DA:212,1
DA:214,1
DA:218,4
LF:118
LH:97
BRDA:14,0,0,1
BRDA:14,0,1,1
BRDA:19,1,0,1
BRDA:19,1,1,1
BRDA:19,2,0,2
BRDA:19,2,1,2
BRDA:27,3,0,1
BRDA:27,3,1,0
BRDA:41,4,0,1
BRDA:41,4,1,2
BRDA:47,5,0,0
BRDA:47,5,1,2
BRDA:49,6,0,2
BRDA:49,6,1,0
BRDA:50,7,0,2
BRDA:50,7,1,2
BRDA:52,8,0,1
BRDA:52,8,1,1
BRDA:52,9,0,2
BRDA:52,9,1,2
BRDA:70,10,0,0
BRDA:70,10,1,2
BRDA:75,11,0,0
BRDA:75,11,1,2
BRDA:79,12,0,0
BRDA:79,12,1,2
BRDA:81,13,0,2
BRDA:81,13,1,0
BRDA:82,14,0,2
BRDA:82,14,1,2
BRDA:85,15,0,2
BRDA:85,15,1,0
BRDA:85,16,0,2
BRDA:85,16,1,2
BRDA:87,17,0,1
BRDA:87,17,1,1
BRDA:87,18,0,2
BRDA:87,18,1,1
BRDA:92,19,0,1
BRDA:92,19,1,1
BRDA:92,20,0,2
BRDA:92,20,1,2
BRDA:92,20,2,2
BRDA:95,21,0,1
BRDA:95,21,1,0
BRDA:103,22,0,1
BRDA:103,22,1,0
BRDA:125,23,0,0
BRDA:125,23,1,2
BRDA:131,24,0,0
BRDA:131,24,1,2
BRDA:133,25,0,2
BRDA:133,25,1,0
BRDA:134,26,0,2
BRDA:134,26,1,2
BRDA:138,27,0,0
BRDA:138,27,1,2
BRDA:138,28,0,2
BRDA:138,28,1,0
BRDA:140,29,0,0
BRDA:140,29,1,0
BRDA:140,30,0,0
BRDA:140,30,1,0
BRDA:145,31,0,0
BRDA:145,31,1,2
BRDA:145,32,0,2
BRDA:145,32,1,0
BRDA:145,32,2,0
BRDA:151,33,0,1
BRDA:151,33,1,1
BRDA:151,34,0,2
BRDA:151,34,1,2
BRDA:166,35,0,0
BRDA:166,35,1,1
BRDA:172,36,0,1
BRDA:172,36,1,0
BRDA:174,37,0,0
BRDA:174,37,1,1
BRDA:180,38,0,0
BRDA:180,38,1,1
BRDA:183,39,0,1
BRDA:183,39,1,0
BRDA:184,40,0,1
BRDA:184,40,1,1
BRDA:188,41,0,0
BRDA:188,41,1,1
BRDA:188,42,0,1
BRDA:188,42,1,0
BRDA:190,43,0,0
BRDA:190,43,1,0
BRDA:190,44,0,0
BRDA:190,44,1,0
BRDA:195,45,0,0
BRDA:195,45,1,1
BRDA:195,46,0,1
BRDA:195,46,1,0
BRDA:195,46,2,0
BRDA:201,47,0,1
BRDA:201,47,1,0
BRDA:203,48,0,1
BRDA:203,48,1,0
BRDA:205,49,0,1
BRDA:205,49,1,0
BRF:103
BRH:64
end_of_record
TN:
SF:src\services\ssoService.js
FN:6,(anonymous_0)
FN:20,(anonymous_1)
FN:25,(anonymous_2)
FN:33,(anonymous_3)
FN:75,(anonymous_4)
FN:85,(anonymous_5)
FN:89,(anonymous_6)
FN:116,(anonymous_7)
FN:120,(anonymous_8)
FN:129,(anonymous_9)
FNF:10
FNH:7
FNDA:9,(anonymous_0)
FNDA:2,(anonymous_1)
FNDA:1,(anonymous_2)
FNDA:0,(anonymous_3)
FNDA:1,(anonymous_4)
FNDA:0,(anonymous_5)
FNDA:3,(anonymous_6)
FNDA:1,(anonymous_7)
FNDA:1,(anonymous_8)
FNDA:0,(anonymous_9)
DA:1,4
DA:2,4
DA:3,4
DA:7,9
DA:9,9
DA:10,9
DA:11,9
DA:13,9
DA:14,1
DA:17,8
DA:18,8
DA:20,8
DA:21,8
DA:22,1
DA:25,7
DA:26,7
DA:27,1
DA:30,6
DA:32,6
DA:33,1
DA:34,1
DA:35,1
DA:39,5
DA:41,5
DA:42,3
DA:43,3
DA:44,1
DA:45,1
DA:46,1
DA:50,5
DA:51,3
DA:52,1
DA:54,2
DA:57,2
DA:59,2
DA:60,1
DA:63,1
DA:70,1
DA:72,1
DA:76,1
DA:77,1
DA:78,1
DA:79,0
DA:81,1
DA:86,0
DA:90,3
DA:92,3
DA:93,1
DA:96,2
DA:97,2
DA:99,2
DA:105,1
DA:107,1
DA:109,1
DA:110,1
DA:112,0
DA:117,1
DA:119,1
DA:120,1
DA:122,1
DA:124,1
DA:126,1
DA:130,0
DA:134,4
LF:64
LH:60
BRDA:9,0,0,9
BRDA:9,0,1,1
BRDA:10,1,0,9
BRDA:10,1,1,1
BRDA:10,1,2,1
BRDA:11,2,0,9
BRDA:11,2,1,1
BRDA:11,2,2,1
BRDA:13,3,0,1
BRDA:13,3,1,8
BRDA:13,4,0,9
BRDA:13,4,1,8
BRDA:20,5,0,2
BRDA:20,5,1,1
BRDA:21,6,0,1
BRDA:21,6,1,7
BRDA:25,7,0,1
BRDA:25,7,1,1
BRDA:26,8,0,1
BRDA:26,8,1,6
BRDA:32,9,0,1
BRDA:32,9,1,5
BRDA:34,10,0,1
BRDA:34,10,1,0
BRDA:41,11,0,3
BRDA:41,11,1,2
BRDA:43,12,0,1
BRDA:43,12,1,2
BRDA:50,13,0,3
BRDA:50,13,1,2
BRDA:51,14,0,1
BRDA:51,14,1,2
BRDA:59,15,0,1
BRDA:59,15,1,1
BRDA:78,16,0,1
BRDA:78,16,1,0
BRDA:92,17,0,1
BRDA:92,17,1,2
BRDA:92,18,0,3
BRDA:92,18,1,3
BRDA:92,18,2,2
BRDA:109,19,0,1
BRDA:109,19,1,0
BRDA:117,20,0,0
BRDA:117,20,1,1
BRDA:129,21,0,0
BRDA:129,22,0,0
BRDA:129,23,0,0
BRF:48
BRH:41
end_of_record
TN:
SF:src\services\usuarioService.js
FN:6,(anonymous_0)
FN:46,(anonymous_1)
FN:50,(anonymous_2)
FN:74,(anonymous_3)
FN:98,(anonymous_4)
FNF:5
FNH:5
FNDA:4,(anonymous_0)
FNDA:1,(anonymous_1)
FNDA:3,(anonymous_2)
FNDA:3,(anonymous_3)
FNDA:4,(anonymous_4)
DA:1,4
DA:2,4
DA:3,4
DA:7,4
DA:8,1
DA:9,1
DA:10,1
DA:13,3
DA:14,3
DA:15,1
DA:16,1
DA:17,1
DA:20,2
DA:21,2
DA:22,2
DA:23,2
DA:24,1
DA:25,1
DA:26,1
DA:28,1
DA:31,1
DA:32,1
DA:40,1
DA:41,1
DA:43,1
DA:47,1
DA:51,3
DA:52,1
DA:53,1
DA:54,1
DA:57,2
DA:58,2
DA:59,1
DA:60,1
DA:61,1
DA:64,1
DA:66,1
DA:67,1
DA:69,1
DA:71,1
DA:75,3
DA:76,1
DA:77,1
DA:78,1
DA:81,2
DA:82,2
DA:83,1
DA:84,1
DA:85,1
DA:88,1
DA:90,1
DA:91,1
DA:93,1
DA:95,1
DA:99,4
DA:100,4
DA:102,4
DA:103,0
DA:104,0
DA:105,0
DA:108,4
DA:109,3
DA:110,1
DA:111,1
DA:112,1
DA:114,2
DA:115,2
DA:116,1
DA:117,1
DA:118,1
DA:122,2
DA:129,2
DA:130,1
DA:133,2
DA:135,2
DA:136,2
DA:138,2
DA:140,2
DA:144,4
LF:79
LH:76
BRDA:7,0,0,1
BRDA:7,0,1,3
BRDA:7,1,0,4
BRDA:7,1,1,3
BRDA:7,1,2,3
BRDA:7,1,3,0
BRDA:14,2,0,1
BRDA:14,2,1,2
BRDA:21,3,0,2
BRDA:21,3,1,0
BRDA:23,4,0,1
BRDA:23,4,1,1
BRDA:31,5,0,1
BRDA:31,5,1,0
BRDA:36,6,0,1
BRDA:36,6,1,1
BRDA:46,7,0,0
BRDA:46,8,0,0
BRDA:46,9,0,0
BRDA:51,10,0,1
BRDA:51,10,1,2
BRDA:51,11,0,3
BRDA:51,11,1,2
BRDA:58,12,0,1
BRDA:58,12,1,1
BRDA:75,13,0,1
BRDA:75,13,1,2
BRDA:75,14,0,3
BRDA:75,14,1,1
BRDA:82,15,0,1
BRDA:82,15,1,1
BRDA:102,16,0,0
BRDA:102,16,1,4
BRDA:108,17,0,3
BRDA:108,17,1,1
BRDA:108,18,0,4
BRDA:108,18,1,3
BRDA:109,19,0,1
BRDA:109,19,1,2
BRDA:109,20,0,3
BRDA:109,20,1,1
BRDA:115,21,0,1
BRDA:115,21,1,1
BRDA:115,22,0,2
BRDA:115,22,1,1
BRDA:125,23,0,0
BRDA:125,23,1,2
BRDA:126,24,0,0
BRDA:126,24,1,2
BRDA:129,25,0,1
BRDA:129,25,1,1
BRDA:129,26,0,2
BRDA:129,26,1,1
BRF:53
BRH:44
end_of_record
